<?xml version="1.0" encoding="UTF-8"?>
<!-- Generated by org.testng.reporters.JUnitXMLReporter -->
<testsuite hostname="DS-386077741F2D" name="Default test" tests="3" failures="0" timestamp="15 Jul 2015 05:34:20 GMT" time="0.042" errors="0">
  <testcase name="@BeforeClass launch" time="0.0" classname="com.application.tests.DeleteBillingTest">
    <failure type="java.lang.NoSuchMethodError" message="org.apache.poi.util.IOUtils.peekFirst8Bytes(Ljava/io/InputStream;)[B">
      <![CDATA[java.lang.NoSuchMethodError: org.apache.poi.util.IOUtils.peekFirst8Bytes(Ljava/io/InputStream;)[B
	at org.apache.poi.ss.usermodel.WorkbookFactory.create(WorkbookFactory.java:167)
	at org.apache.poi.ss.usermodel.WorkbookFactory.create(WorkbookFactory.java:143)
	at com.application.libraries.ExcelLibrary.getExcelData(ExcelLibrary.java:21)
	at com.application.tests.BaseClass.launch(BaseClass.java:20)
	at sun.reflect.NativeMethodAccessorImpl.invoke0(Native Method)
	at sun.reflect.NativeMethodAccessorImpl.invoke(Unknown Source)
	at sun.reflect.DelegatingMethodAccessorImpl.invoke(Unknown Source)
	at java.lang.reflect.Method.invoke(Unknown Source)
	at org.testng.internal.MethodInvocationHelper.invokeMethod(MethodInvocationHelper.java:84)
	at org.testng.internal.Invoker.invokeConfigurationMethod(Invoker.java:564)
	at org.testng.internal.Invoker.invokeConfigurations(Invoker.java:213)
	at org.testng.internal.Invoker.invokeConfigurations(Invoker.java:138)
	at org.testng.internal.TestMethodWorker.invokeBeforeClassMethods(TestMethodWorker.java:175)
	at org.testng.internal.TestMethodWorker.run(TestMethodWorker.java:107)
	at java.util.concurrent.ThreadPoolExecutor.runWorker(Unknown Source)
	at java.util.concurrent.ThreadPoolExecutor$Worker.run(Unknown Source)
	at java.lang.Thread.run(Unknown Source)
]]>
    </failure>
  </testcase> <!-- @BeforeClass launch -->
  <testcase name="@BeforeClass launch" time="0.0" classname="com.application.tests.LoginLogout">
    <failure type="java.lang.NoSuchMethodError" message="org.apache.poi.util.IOUtils.peekFirst8Bytes(Ljava/io/InputStream;)[B">
      <![CDATA[java.lang.NoSuchMethodError: org.apache.poi.util.IOUtils.peekFirst8Bytes(Ljava/io/InputStream;)[B
	at org.apache.poi.ss.usermodel.WorkbookFactory.create(WorkbookFactory.java:167)
	at org.apache.poi.ss.usermodel.WorkbookFactory.create(WorkbookFactory.java:143)
	at com.application.libraries.ExcelLibrary.getExcelData(ExcelLibrary.java:21)
	at com.application.tests.BaseClass.launch(BaseClass.java:20)
	at sun.reflect.NativeMethodAccessorImpl.invoke0(Native Method)
	at sun.reflect.NativeMethodAccessorImpl.invoke(Unknown Source)
	at sun.reflect.DelegatingMethodAccessorImpl.invoke(Unknown Source)
	at java.lang.reflect.Method.invoke(Unknown Source)
	at org.testng.internal.MethodInvocationHelper.invokeMethod(MethodInvocationHelper.java:84)
	at org.testng.internal.Invoker.invokeConfigurationMethod(Invoker.java:564)
	at org.testng.internal.Invoker.invokeConfigurations(Invoker.java:213)
	at org.testng.internal.Invoker.invokeConfigurations(Invoker.java:138)
	at org.testng.internal.TestMethodWorker.invokeBeforeClassMethods(TestMethodWorker.java:175)
	at org.testng.internal.TestMethodWorker.run(TestMethodWorker.java:107)
	at java.util.concurrent.ThreadPoolExecutor.runWorker(Unknown Source)
	at java.util.concurrent.ThreadPoolExecutor$Worker.run(Unknown Source)
	at java.lang.Thread.run(Unknown Source)
]]>
    </failure>
  </testcase> <!-- @BeforeClass launch -->
  <testcase name="@BeforeClass launch" time="0.0" classname="com.application.tests.CreateBillingTest">
    <failure type="java.lang.NoSuchMethodError" message="org.apache.poi.util.IOUtils.peekFirst8Bytes(Ljava/io/InputStream;)[B">
      <![CDATA[java.lang.NoSuchMethodError: org.apache.poi.util.IOUtils.peekFirst8Bytes(Ljava/io/InputStream;)[B
	at org.apache.poi.ss.usermodel.WorkbookFactory.create(WorkbookFactory.java:167)
	at org.apache.poi.ss.usermodel.WorkbookFactory.create(WorkbookFactory.java:143)
	at com.application.libraries.ExcelLibrary.getExcelData(ExcelLibrary.java:21)
	at com.application.tests.BaseClass.launch(BaseClass.java:20)
	at sun.reflect.NativeMethodAccessorImpl.invoke0(Native Method)
	at sun.reflect.NativeMethodAccessorImpl.invoke(Unknown Source)
	at sun.reflect.DelegatingMethodAccessorImpl.invoke(Unknown Source)
	at java.lang.reflect.Method.invoke(Unknown Source)
	at org.testng.internal.MethodInvocationHelper.invokeMethod(MethodInvocationHelper.java:84)
	at org.testng.internal.Invoker.invokeConfigurationMethod(Invoker.java:564)
	at org.testng.internal.Invoker.invokeConfigurations(Invoker.java:213)
	at org.testng.internal.Invoker.invokeConfigurations(Invoker.java:138)
	at org.testng.internal.TestMethodWorker.invokeBeforeClassMethods(TestMethodWorker.java:175)
	at org.testng.internal.TestMethodWorker.run(TestMethodWorker.java:107)
	at java.util.concurrent.ThreadPoolExecutor.runWorker(Unknown Source)
	at java.util.concurrent.ThreadPoolExecutor$Worker.run(Unknown Source)
	at java.lang.Thread.run(Unknown Source)
]]>
    </failure>
  </testcase> <!-- @BeforeClass launch -->
  <testcase name="@AfterClass quit" time="0.0" classname="com.application.tests.DeleteBillingTest">
    <skipped/>
  </testcase> <!-- @AfterClass quit -->
  <testcase name="@AfterClass quit" time="0.0" classname="com.application.tests.CreateBillingTest">
    <skipped/>
  </testcase> <!-- @AfterClass quit -->
  <testcase name="@AfterClass quit" time="0.0" classname="com.application.tests.LoginLogout">
    <skipped/>
  </testcase> <!-- @AfterClass quit -->
  <testcase name="testDeleteBilling" time="0.0" classname="com.application.tests.DeleteBillingTest">
    <skipped/>
  </testcase> <!-- testDeleteBilling -->
  <testcase name="testCreateBilling" time="0.001" classname="com.application.tests.CreateBillingTest">
    <skipped/>
  </testcase> <!-- testCreateBilling -->
  <testcase name="testLoginLogout" time="0.003" classname="com.application.tests.LoginLogout">
    <skipped/>
  </testcase> <!-- testLoginLogout -->
</testsuite> <!-- Default test -->
