<?xml version="1.0" encoding="UTF-8"?>
<!-- Generated by org.testng.reporters.JUnitXMLReporter -->
<testsuite hostname="DS-386077741F2D" name="database" tests="4" failures="0" timestamp="20 Jul 2015 12:20:15 GMT" time="0.006" errors="0">
  <testcase name="testConnectMongoDB" time="0.001" classname="parallel.TestDataBaseOrder"/>
  <testcase name="testConnectMsSQL" time="0.0" classname="parallel.TestDataBaseOrder"/>
  <testcase name="testConnectMySQL" time="0.001" classname="parallel.TestDataBaseOrder"/>
  <testcase name="testConnectOracle" time="0.001" classname="parallel.TestDataBaseOrder"/>
</testsuite> <!-- database -->
