<?xml version="1.0" encoding="UTF-8"?>
<!-- Generated by org.testng.reporters.JUnitXMLReporter -->
<testsuite hostname="DS-386077741F2D" name="order" tests="4" failures="0" timestamp="20 Jul 2015 12:20:15 GMT" time="0.02" errors="0">
  <testcase name="testFindOrder" time="0.005" classname="parallel.TestOrderOrder"/>
  <testcase name="testMakeEmptyOrder" time="0.001" classname="parallel.TestOrderOrder"/>
  <testcase name="testMakeOrder" time="0.001" classname="parallel.TestOrderOrder"/>
  <testcase name="testUpdateOrder" time="0.0" classname="parallel.TestOrderOrder"/>
</testsuite> <!-- order -->
