<?xml version="1.0" encoding="UTF-8"?>
<!-- Generated by org.testng.reporters.JUnitReportReporter -->
<testsuite hostname="DS-386077741F2D" name="LoadTest.TestMultipleThreads" tests="100" failures="100" timestamp="14 Jul 2015 09:42:34 GMT" time="0.854" errors="0">
  <testcase name="loadTest" time="0.012" classname="LoadTest.TestMultipleThreads">
    <failure type="org.openqa.selenium.WebDriverException" message="Cannot find firefox binary in PATH. Make sure firefox is installed. OS appears to be: VISTA
Build info: version: &#039;2.39.0&#039;, revision: &#039;ff23eac&#039;, time: &#039;2013-12-16 16:11:15&#039;
System info: host: &#039;DS-386077741F2D&#039;, ip: &#039;10.117.61.30&#039;, os.name: &#039;Windows 7&#039;, os.arch: &#039;x86&#039;, os.version: &#039;6.1&#039;, java.version: &#039;1.8.0_45&#039;
Driver info: driver.version: FirefoxDriver">
      <![CDATA[org.openqa.selenium.WebDriverException: Cannot find firefox binary in PATH. Make sure firefox is installed. OS appears to be: VISTA
Build info: version: '2.39.0', revision: 'ff23eac', time: '2013-12-16 16:11:15'
System info: host: 'DS-386077741F2D', ip: '10.117.61.30', os.name: 'Windows 7', os.arch: 'x86', os.version: '6.1', java.version: '1.8.0_45'
Driver info: driver.version: FirefoxDriver
	at org.openqa.selenium.firefox.internal.Executable.<init>(Executable.java:72)
	at org.openqa.selenium.firefox.FirefoxBinary.<init>(FirefoxBinary.java:59)
	at org.openqa.selenium.firefox.FirefoxBinary.<init>(FirefoxBinary.java:55)
	at org.openqa.selenium.firefox.FirefoxDriver.<init>(FirefoxDriver.java:99)
	at LoadTest.TestMultipleThreads.loadTest(TestMultipleThreads.java:16)
	at sun.reflect.GeneratedMethodAccessor1.invoke(Unknown Source)
	at sun.reflect.DelegatingMethodAccessorImpl.invoke(Unknown Source)
	at java.lang.reflect.Method.invoke(Unknown Source)
	at org.testng.internal.MethodInvocationHelper.invokeMethod(MethodInvocationHelper.java:84)
	at org.testng.internal.Invoker.invokeMethod(Invoker.java:714)
	at org.testng.internal.Invoker.invokeTestMethod(Invoker.java:901)
	at org.testng.internal.Invoker.invokeTestMethods(Invoker.java:1231)
	at org.testng.internal.TestMethodWorker.invokeTestMethods(TestMethodWorker.java:127)
	at org.testng.internal.TestMethodWorker.run(TestMethodWorker.java:111)
	at org.testng.internal.thread.ThreadUtil$2.call(ThreadUtil.java:64)
	at java.util.concurrent.FutureTask.run(Unknown Source)
	at java.util.concurrent.ThreadPoolExecutor.runWorker(Unknown Source)
	at java.util.concurrent.ThreadPoolExecutor$Worker.run(Unknown Source)
	at java.lang.Thread.run(Unknown Source)
]]>
    </failure>
  </testcase> <!-- loadTest -->
  <testcase name="loadTest" time="0.010" classname="LoadTest.TestMultipleThreads">
    <failure type="org.openqa.selenium.WebDriverException" message="Cannot find firefox binary in PATH. Make sure firefox is installed. OS appears to be: VISTA
Build info: version: &#039;2.39.0&#039;, revision: &#039;ff23eac&#039;, time: &#039;2013-12-16 16:11:15&#039;
System info: host: &#039;DS-386077741F2D&#039;, ip: &#039;10.117.61.30&#039;, os.name: &#039;Windows 7&#039;, os.arch: &#039;x86&#039;, os.version: &#039;6.1&#039;, java.version: &#039;1.8.0_45&#039;
Driver info: driver.version: FirefoxDriver">
      <![CDATA[org.openqa.selenium.WebDriverException: Cannot find firefox binary in PATH. Make sure firefox is installed. OS appears to be: VISTA
Build info: version: '2.39.0', revision: 'ff23eac', time: '2013-12-16 16:11:15'
System info: host: 'DS-386077741F2D', ip: '10.117.61.30', os.name: 'Windows 7', os.arch: 'x86', os.version: '6.1', java.version: '1.8.0_45'
Driver info: driver.version: FirefoxDriver
	at org.openqa.selenium.firefox.internal.Executable.<init>(Executable.java:72)
	at org.openqa.selenium.firefox.FirefoxBinary.<init>(FirefoxBinary.java:59)
	at org.openqa.selenium.firefox.FirefoxBinary.<init>(FirefoxBinary.java:55)
	at org.openqa.selenium.firefox.FirefoxDriver.<init>(FirefoxDriver.java:99)
	at LoadTest.TestMultipleThreads.loadTest(TestMultipleThreads.java:16)
	at sun.reflect.GeneratedMethodAccessor1.invoke(Unknown Source)
	at sun.reflect.DelegatingMethodAccessorImpl.invoke(Unknown Source)
	at java.lang.reflect.Method.invoke(Unknown Source)
	at org.testng.internal.MethodInvocationHelper.invokeMethod(MethodInvocationHelper.java:84)
	at org.testng.internal.Invoker.invokeMethod(Invoker.java:714)
	at org.testng.internal.Invoker.invokeTestMethod(Invoker.java:901)
	at org.testng.internal.Invoker.invokeTestMethods(Invoker.java:1231)
	at org.testng.internal.TestMethodWorker.invokeTestMethods(TestMethodWorker.java:127)
	at org.testng.internal.TestMethodWorker.run(TestMethodWorker.java:111)
	at org.testng.internal.thread.ThreadUtil$2.call(ThreadUtil.java:64)
	at java.util.concurrent.FutureTask.run(Unknown Source)
	at java.util.concurrent.ThreadPoolExecutor.runWorker(Unknown Source)
	at java.util.concurrent.ThreadPoolExecutor$Worker.run(Unknown Source)
	at java.lang.Thread.run(Unknown Source)
]]>
    </failure>
  </testcase> <!-- loadTest -->
  <testcase name="loadTest" time="0.003" classname="LoadTest.TestMultipleThreads">
    <failure type="org.openqa.selenium.WebDriverException" message="Cannot find firefox binary in PATH. Make sure firefox is installed. OS appears to be: VISTA
Build info: version: &#039;2.39.0&#039;, revision: &#039;ff23eac&#039;, time: &#039;2013-12-16 16:11:15&#039;
System info: host: &#039;DS-386077741F2D&#039;, ip: &#039;10.117.61.30&#039;, os.name: &#039;Windows 7&#039;, os.arch: &#039;x86&#039;, os.version: &#039;6.1&#039;, java.version: &#039;1.8.0_45&#039;
Driver info: driver.version: FirefoxDriver">
      <![CDATA[org.openqa.selenium.WebDriverException: Cannot find firefox binary in PATH. Make sure firefox is installed. OS appears to be: VISTA
Build info: version: '2.39.0', revision: 'ff23eac', time: '2013-12-16 16:11:15'
System info: host: 'DS-386077741F2D', ip: '10.117.61.30', os.name: 'Windows 7', os.arch: 'x86', os.version: '6.1', java.version: '1.8.0_45'
Driver info: driver.version: FirefoxDriver
	at org.openqa.selenium.firefox.internal.Executable.<init>(Executable.java:72)
	at org.openqa.selenium.firefox.FirefoxBinary.<init>(FirefoxBinary.java:59)
	at org.openqa.selenium.firefox.FirefoxBinary.<init>(FirefoxBinary.java:55)
	at org.openqa.selenium.firefox.FirefoxDriver.<init>(FirefoxDriver.java:99)
	at LoadTest.TestMultipleThreads.loadTest(TestMultipleThreads.java:16)
	at sun.reflect.GeneratedMethodAccessor1.invoke(Unknown Source)
	at sun.reflect.DelegatingMethodAccessorImpl.invoke(Unknown Source)
	at java.lang.reflect.Method.invoke(Unknown Source)
	at org.testng.internal.MethodInvocationHelper.invokeMethod(MethodInvocationHelper.java:84)
	at org.testng.internal.Invoker.invokeMethod(Invoker.java:714)
	at org.testng.internal.Invoker.invokeTestMethod(Invoker.java:901)
	at org.testng.internal.Invoker.invokeTestMethods(Invoker.java:1231)
	at org.testng.internal.TestMethodWorker.invokeTestMethods(TestMethodWorker.java:127)
	at org.testng.internal.TestMethodWorker.run(TestMethodWorker.java:111)
	at org.testng.internal.thread.ThreadUtil$2.call(ThreadUtil.java:64)
	at java.util.concurrent.FutureTask.run(Unknown Source)
	at java.util.concurrent.ThreadPoolExecutor.runWorker(Unknown Source)
	at java.util.concurrent.ThreadPoolExecutor$Worker.run(Unknown Source)
	at java.lang.Thread.run(Unknown Source)
]]>
    </failure>
  </testcase> <!-- loadTest -->
  <testcase name="loadTest" time="0.054" classname="LoadTest.TestMultipleThreads">
    <failure type="org.openqa.selenium.WebDriverException" message="Cannot find firefox binary in PATH. Make sure firefox is installed. OS appears to be: VISTA
Build info: version: &#039;2.39.0&#039;, revision: &#039;ff23eac&#039;, time: &#039;2013-12-16 16:11:15&#039;
System info: host: &#039;DS-386077741F2D&#039;, ip: &#039;10.117.61.30&#039;, os.name: &#039;Windows 7&#039;, os.arch: &#039;x86&#039;, os.version: &#039;6.1&#039;, java.version: &#039;1.8.0_45&#039;
Driver info: driver.version: FirefoxDriver">
      <![CDATA[org.openqa.selenium.WebDriverException: Cannot find firefox binary in PATH. Make sure firefox is installed. OS appears to be: VISTA
Build info: version: '2.39.0', revision: 'ff23eac', time: '2013-12-16 16:11:15'
System info: host: 'DS-386077741F2D', ip: '10.117.61.30', os.name: 'Windows 7', os.arch: 'x86', os.version: '6.1', java.version: '1.8.0_45'
Driver info: driver.version: FirefoxDriver
	at org.openqa.selenium.firefox.internal.Executable.<init>(Executable.java:72)
	at org.openqa.selenium.firefox.FirefoxBinary.<init>(FirefoxBinary.java:59)
	at org.openqa.selenium.firefox.FirefoxBinary.<init>(FirefoxBinary.java:55)
	at org.openqa.selenium.firefox.FirefoxDriver.<init>(FirefoxDriver.java:99)
	at LoadTest.TestMultipleThreads.loadTest(TestMultipleThreads.java:16)
	at sun.reflect.GeneratedMethodAccessor1.invoke(Unknown Source)
	at sun.reflect.DelegatingMethodAccessorImpl.invoke(Unknown Source)
	at java.lang.reflect.Method.invoke(Unknown Source)
	at org.testng.internal.MethodInvocationHelper.invokeMethod(MethodInvocationHelper.java:84)
	at org.testng.internal.Invoker.invokeMethod(Invoker.java:714)
	at org.testng.internal.Invoker.invokeTestMethod(Invoker.java:901)
	at org.testng.internal.Invoker.invokeTestMethods(Invoker.java:1231)
	at org.testng.internal.TestMethodWorker.invokeTestMethods(TestMethodWorker.java:127)
	at org.testng.internal.TestMethodWorker.run(TestMethodWorker.java:111)
	at org.testng.internal.thread.ThreadUtil$2.call(ThreadUtil.java:64)
	at java.util.concurrent.FutureTask.run(Unknown Source)
	at java.util.concurrent.ThreadPoolExecutor.runWorker(Unknown Source)
	at java.util.concurrent.ThreadPoolExecutor$Worker.run(Unknown Source)
	at java.lang.Thread.run(Unknown Source)
]]>
    </failure>
  </testcase> <!-- loadTest -->
  <testcase name="loadTest" time="0.014" classname="LoadTest.TestMultipleThreads">
    <failure type="org.openqa.selenium.WebDriverException" message="Cannot find firefox binary in PATH. Make sure firefox is installed. OS appears to be: VISTA
Build info: version: &#039;2.39.0&#039;, revision: &#039;ff23eac&#039;, time: &#039;2013-12-16 16:11:15&#039;
System info: host: &#039;DS-386077741F2D&#039;, ip: &#039;10.117.61.30&#039;, os.name: &#039;Windows 7&#039;, os.arch: &#039;x86&#039;, os.version: &#039;6.1&#039;, java.version: &#039;1.8.0_45&#039;
Driver info: driver.version: FirefoxDriver">
      <![CDATA[org.openqa.selenium.WebDriverException: Cannot find firefox binary in PATH. Make sure firefox is installed. OS appears to be: VISTA
Build info: version: '2.39.0', revision: 'ff23eac', time: '2013-12-16 16:11:15'
System info: host: 'DS-386077741F2D', ip: '10.117.61.30', os.name: 'Windows 7', os.arch: 'x86', os.version: '6.1', java.version: '1.8.0_45'
Driver info: driver.version: FirefoxDriver
	at org.openqa.selenium.firefox.internal.Executable.<init>(Executable.java:72)
	at org.openqa.selenium.firefox.FirefoxBinary.<init>(FirefoxBinary.java:59)
	at org.openqa.selenium.firefox.FirefoxBinary.<init>(FirefoxBinary.java:55)
	at org.openqa.selenium.firefox.FirefoxDriver.<init>(FirefoxDriver.java:99)
	at LoadTest.TestMultipleThreads.loadTest(TestMultipleThreads.java:16)
	at sun.reflect.GeneratedMethodAccessor1.invoke(Unknown Source)
	at sun.reflect.DelegatingMethodAccessorImpl.invoke(Unknown Source)
	at java.lang.reflect.Method.invoke(Unknown Source)
	at org.testng.internal.MethodInvocationHelper.invokeMethod(MethodInvocationHelper.java:84)
	at org.testng.internal.Invoker.invokeMethod(Invoker.java:714)
	at org.testng.internal.Invoker.invokeTestMethod(Invoker.java:901)
	at org.testng.internal.Invoker.invokeTestMethods(Invoker.java:1231)
	at org.testng.internal.TestMethodWorker.invokeTestMethods(TestMethodWorker.java:127)
	at org.testng.internal.TestMethodWorker.run(TestMethodWorker.java:111)
	at org.testng.internal.thread.ThreadUtil$2.call(ThreadUtil.java:64)
	at java.util.concurrent.FutureTask.run(Unknown Source)
	at java.util.concurrent.ThreadPoolExecutor.runWorker(Unknown Source)
	at java.util.concurrent.ThreadPoolExecutor$Worker.run(Unknown Source)
	at java.lang.Thread.run(Unknown Source)
]]>
    </failure>
  </testcase> <!-- loadTest -->
  <testcase name="loadTest" time="0.000" classname="LoadTest.TestMultipleThreads">
    <failure type="org.openqa.selenium.WebDriverException" message="Cannot find firefox binary in PATH. Make sure firefox is installed. OS appears to be: VISTA
Build info: version: &#039;2.39.0&#039;, revision: &#039;ff23eac&#039;, time: &#039;2013-12-16 16:11:15&#039;
System info: host: &#039;DS-386077741F2D&#039;, ip: &#039;10.117.61.30&#039;, os.name: &#039;Windows 7&#039;, os.arch: &#039;x86&#039;, os.version: &#039;6.1&#039;, java.version: &#039;1.8.0_45&#039;
Driver info: driver.version: FirefoxDriver">
      <![CDATA[org.openqa.selenium.WebDriverException: Cannot find firefox binary in PATH. Make sure firefox is installed. OS appears to be: VISTA
Build info: version: '2.39.0', revision: 'ff23eac', time: '2013-12-16 16:11:15'
System info: host: 'DS-386077741F2D', ip: '10.117.61.30', os.name: 'Windows 7', os.arch: 'x86', os.version: '6.1', java.version: '1.8.0_45'
Driver info: driver.version: FirefoxDriver
	at org.openqa.selenium.firefox.internal.Executable.<init>(Executable.java:72)
	at org.openqa.selenium.firefox.FirefoxBinary.<init>(FirefoxBinary.java:59)
	at org.openqa.selenium.firefox.FirefoxBinary.<init>(FirefoxBinary.java:55)
	at org.openqa.selenium.firefox.FirefoxDriver.<init>(FirefoxDriver.java:99)
	at LoadTest.TestMultipleThreads.loadTest(TestMultipleThreads.java:16)
	at sun.reflect.GeneratedMethodAccessor1.invoke(Unknown Source)
	at sun.reflect.DelegatingMethodAccessorImpl.invoke(Unknown Source)
	at java.lang.reflect.Method.invoke(Unknown Source)
	at org.testng.internal.MethodInvocationHelper.invokeMethod(MethodInvocationHelper.java:84)
	at org.testng.internal.Invoker.invokeMethod(Invoker.java:714)
	at org.testng.internal.Invoker.invokeTestMethod(Invoker.java:901)
	at org.testng.internal.Invoker.invokeTestMethods(Invoker.java:1231)
	at org.testng.internal.TestMethodWorker.invokeTestMethods(TestMethodWorker.java:127)
	at org.testng.internal.TestMethodWorker.run(TestMethodWorker.java:111)
	at org.testng.internal.thread.ThreadUtil$2.call(ThreadUtil.java:64)
	at java.util.concurrent.FutureTask.run(Unknown Source)
	at java.util.concurrent.ThreadPoolExecutor.runWorker(Unknown Source)
	at java.util.concurrent.ThreadPoolExecutor$Worker.run(Unknown Source)
	at java.lang.Thread.run(Unknown Source)
]]>
    </failure>
  </testcase> <!-- loadTest -->
  <testcase name="loadTest" time="0.001" classname="LoadTest.TestMultipleThreads">
    <failure type="org.openqa.selenium.WebDriverException" message="Cannot find firefox binary in PATH. Make sure firefox is installed. OS appears to be: VISTA
Build info: version: &#039;2.39.0&#039;, revision: &#039;ff23eac&#039;, time: &#039;2013-12-16 16:11:15&#039;
System info: host: &#039;DS-386077741F2D&#039;, ip: &#039;10.117.61.30&#039;, os.name: &#039;Windows 7&#039;, os.arch: &#039;x86&#039;, os.version: &#039;6.1&#039;, java.version: &#039;1.8.0_45&#039;
Driver info: driver.version: FirefoxDriver">
      <![CDATA[org.openqa.selenium.WebDriverException: Cannot find firefox binary in PATH. Make sure firefox is installed. OS appears to be: VISTA
Build info: version: '2.39.0', revision: 'ff23eac', time: '2013-12-16 16:11:15'
System info: host: 'DS-386077741F2D', ip: '10.117.61.30', os.name: 'Windows 7', os.arch: 'x86', os.version: '6.1', java.version: '1.8.0_45'
Driver info: driver.version: FirefoxDriver
	at org.openqa.selenium.firefox.internal.Executable.<init>(Executable.java:72)
	at org.openqa.selenium.firefox.FirefoxBinary.<init>(FirefoxBinary.java:59)
	at org.openqa.selenium.firefox.FirefoxBinary.<init>(FirefoxBinary.java:55)
	at org.openqa.selenium.firefox.FirefoxDriver.<init>(FirefoxDriver.java:99)
	at LoadTest.TestMultipleThreads.loadTest(TestMultipleThreads.java:16)
	at sun.reflect.NativeMethodAccessorImpl.invoke0(Native Method)
	at sun.reflect.NativeMethodAccessorImpl.invoke(Unknown Source)
	at sun.reflect.DelegatingMethodAccessorImpl.invoke(Unknown Source)
	at java.lang.reflect.Method.invoke(Unknown Source)
	at org.testng.internal.MethodInvocationHelper.invokeMethod(MethodInvocationHelper.java:84)
	at org.testng.internal.Invoker.invokeMethod(Invoker.java:714)
	at org.testng.internal.Invoker.invokeTestMethod(Invoker.java:901)
	at org.testng.internal.Invoker.invokeTestMethods(Invoker.java:1231)
	at org.testng.internal.TestMethodWorker.invokeTestMethods(TestMethodWorker.java:127)
	at org.testng.internal.TestMethodWorker.run(TestMethodWorker.java:111)
	at org.testng.internal.thread.ThreadUtil$2.call(ThreadUtil.java:64)
	at java.util.concurrent.FutureTask.run(Unknown Source)
	at java.util.concurrent.ThreadPoolExecutor.runWorker(Unknown Source)
	at java.util.concurrent.ThreadPoolExecutor$Worker.run(Unknown Source)
	at java.lang.Thread.run(Unknown Source)
]]>
    </failure>
  </testcase> <!-- loadTest -->
  <testcase name="loadTest" time="0.001" classname="LoadTest.TestMultipleThreads">
    <failure type="org.openqa.selenium.WebDriverException" message="Cannot find firefox binary in PATH. Make sure firefox is installed. OS appears to be: VISTA
Build info: version: &#039;2.39.0&#039;, revision: &#039;ff23eac&#039;, time: &#039;2013-12-16 16:11:15&#039;
System info: host: &#039;DS-386077741F2D&#039;, ip: &#039;10.117.61.30&#039;, os.name: &#039;Windows 7&#039;, os.arch: &#039;x86&#039;, os.version: &#039;6.1&#039;, java.version: &#039;1.8.0_45&#039;
Driver info: driver.version: FirefoxDriver">
      <![CDATA[org.openqa.selenium.WebDriverException: Cannot find firefox binary in PATH. Make sure firefox is installed. OS appears to be: VISTA
Build info: version: '2.39.0', revision: 'ff23eac', time: '2013-12-16 16:11:15'
System info: host: 'DS-386077741F2D', ip: '10.117.61.30', os.name: 'Windows 7', os.arch: 'x86', os.version: '6.1', java.version: '1.8.0_45'
Driver info: driver.version: FirefoxDriver
	at org.openqa.selenium.firefox.internal.Executable.<init>(Executable.java:72)
	at org.openqa.selenium.firefox.FirefoxBinary.<init>(FirefoxBinary.java:59)
	at org.openqa.selenium.firefox.FirefoxBinary.<init>(FirefoxBinary.java:55)
	at org.openqa.selenium.firefox.FirefoxDriver.<init>(FirefoxDriver.java:99)
	at LoadTest.TestMultipleThreads.loadTest(TestMultipleThreads.java:16)
	at sun.reflect.GeneratedMethodAccessor1.invoke(Unknown Source)
	at sun.reflect.DelegatingMethodAccessorImpl.invoke(Unknown Source)
	at java.lang.reflect.Method.invoke(Unknown Source)
	at org.testng.internal.MethodInvocationHelper.invokeMethod(MethodInvocationHelper.java:84)
	at org.testng.internal.Invoker.invokeMethod(Invoker.java:714)
	at org.testng.internal.Invoker.invokeTestMethod(Invoker.java:901)
	at org.testng.internal.Invoker.invokeTestMethods(Invoker.java:1231)
	at org.testng.internal.TestMethodWorker.invokeTestMethods(TestMethodWorker.java:127)
	at org.testng.internal.TestMethodWorker.run(TestMethodWorker.java:111)
	at org.testng.internal.thread.ThreadUtil$2.call(ThreadUtil.java:64)
	at java.util.concurrent.FutureTask.run(Unknown Source)
	at java.util.concurrent.ThreadPoolExecutor.runWorker(Unknown Source)
	at java.util.concurrent.ThreadPoolExecutor$Worker.run(Unknown Source)
	at java.lang.Thread.run(Unknown Source)
]]>
    </failure>
  </testcase> <!-- loadTest -->
  <testcase name="loadTest" time="0.010" classname="LoadTest.TestMultipleThreads">
    <failure type="org.openqa.selenium.WebDriverException" message="Cannot find firefox binary in PATH. Make sure firefox is installed. OS appears to be: VISTA
Build info: version: &#039;2.39.0&#039;, revision: &#039;ff23eac&#039;, time: &#039;2013-12-16 16:11:15&#039;
System info: host: &#039;DS-386077741F2D&#039;, ip: &#039;10.117.61.30&#039;, os.name: &#039;Windows 7&#039;, os.arch: &#039;x86&#039;, os.version: &#039;6.1&#039;, java.version: &#039;1.8.0_45&#039;
Driver info: driver.version: FirefoxDriver">
      <![CDATA[org.openqa.selenium.WebDriverException: Cannot find firefox binary in PATH. Make sure firefox is installed. OS appears to be: VISTA
Build info: version: '2.39.0', revision: 'ff23eac', time: '2013-12-16 16:11:15'
System info: host: 'DS-386077741F2D', ip: '10.117.61.30', os.name: 'Windows 7', os.arch: 'x86', os.version: '6.1', java.version: '1.8.0_45'
Driver info: driver.version: FirefoxDriver
	at org.openqa.selenium.firefox.internal.Executable.<init>(Executable.java:72)
	at org.openqa.selenium.firefox.FirefoxBinary.<init>(FirefoxBinary.java:59)
	at org.openqa.selenium.firefox.FirefoxBinary.<init>(FirefoxBinary.java:55)
	at org.openqa.selenium.firefox.FirefoxDriver.<init>(FirefoxDriver.java:99)
	at LoadTest.TestMultipleThreads.loadTest(TestMultipleThreads.java:16)
	at sun.reflect.GeneratedMethodAccessor1.invoke(Unknown Source)
	at sun.reflect.DelegatingMethodAccessorImpl.invoke(Unknown Source)
	at java.lang.reflect.Method.invoke(Unknown Source)
	at org.testng.internal.MethodInvocationHelper.invokeMethod(MethodInvocationHelper.java:84)
	at org.testng.internal.Invoker.invokeMethod(Invoker.java:714)
	at org.testng.internal.Invoker.invokeTestMethod(Invoker.java:901)
	at org.testng.internal.Invoker.invokeTestMethods(Invoker.java:1231)
	at org.testng.internal.TestMethodWorker.invokeTestMethods(TestMethodWorker.java:127)
	at org.testng.internal.TestMethodWorker.run(TestMethodWorker.java:111)
	at org.testng.internal.thread.ThreadUtil$2.call(ThreadUtil.java:64)
	at java.util.concurrent.FutureTask.run(Unknown Source)
	at java.util.concurrent.ThreadPoolExecutor.runWorker(Unknown Source)
	at java.util.concurrent.ThreadPoolExecutor$Worker.run(Unknown Source)
	at java.lang.Thread.run(Unknown Source)
]]>
    </failure>
  </testcase> <!-- loadTest -->
  <testcase name="loadTest" time="0.003" classname="LoadTest.TestMultipleThreads">
    <failure type="org.openqa.selenium.WebDriverException" message="Cannot find firefox binary in PATH. Make sure firefox is installed. OS appears to be: VISTA
Build info: version: &#039;2.39.0&#039;, revision: &#039;ff23eac&#039;, time: &#039;2013-12-16 16:11:15&#039;
System info: host: &#039;DS-386077741F2D&#039;, ip: &#039;10.117.61.30&#039;, os.name: &#039;Windows 7&#039;, os.arch: &#039;x86&#039;, os.version: &#039;6.1&#039;, java.version: &#039;1.8.0_45&#039;
Driver info: driver.version: FirefoxDriver">
      <![CDATA[org.openqa.selenium.WebDriverException: Cannot find firefox binary in PATH. Make sure firefox is installed. OS appears to be: VISTA
Build info: version: '2.39.0', revision: 'ff23eac', time: '2013-12-16 16:11:15'
System info: host: 'DS-386077741F2D', ip: '10.117.61.30', os.name: 'Windows 7', os.arch: 'x86', os.version: '6.1', java.version: '1.8.0_45'
Driver info: driver.version: FirefoxDriver
	at org.openqa.selenium.firefox.internal.Executable.<init>(Executable.java:72)
	at org.openqa.selenium.firefox.FirefoxBinary.<init>(FirefoxBinary.java:59)
	at org.openqa.selenium.firefox.FirefoxBinary.<init>(FirefoxBinary.java:55)
	at org.openqa.selenium.firefox.FirefoxDriver.<init>(FirefoxDriver.java:99)
	at LoadTest.TestMultipleThreads.loadTest(TestMultipleThreads.java:16)
	at sun.reflect.GeneratedMethodAccessor1.invoke(Unknown Source)
	at sun.reflect.DelegatingMethodAccessorImpl.invoke(Unknown Source)
	at java.lang.reflect.Method.invoke(Unknown Source)
	at org.testng.internal.MethodInvocationHelper.invokeMethod(MethodInvocationHelper.java:84)
	at org.testng.internal.Invoker.invokeMethod(Invoker.java:714)
	at org.testng.internal.Invoker.invokeTestMethod(Invoker.java:901)
	at org.testng.internal.Invoker.invokeTestMethods(Invoker.java:1231)
	at org.testng.internal.TestMethodWorker.invokeTestMethods(TestMethodWorker.java:127)
	at org.testng.internal.TestMethodWorker.run(TestMethodWorker.java:111)
	at org.testng.internal.thread.ThreadUtil$2.call(ThreadUtil.java:64)
	at java.util.concurrent.FutureTask.run(Unknown Source)
	at java.util.concurrent.ThreadPoolExecutor.runWorker(Unknown Source)
	at java.util.concurrent.ThreadPoolExecutor$Worker.run(Unknown Source)
	at java.lang.Thread.run(Unknown Source)
]]>
    </failure>
  </testcase> <!-- loadTest -->
  <testcase name="loadTest" time="0.004" classname="LoadTest.TestMultipleThreads">
    <failure type="org.openqa.selenium.WebDriverException" message="Cannot find firefox binary in PATH. Make sure firefox is installed. OS appears to be: VISTA
Build info: version: &#039;2.39.0&#039;, revision: &#039;ff23eac&#039;, time: &#039;2013-12-16 16:11:15&#039;
System info: host: &#039;DS-386077741F2D&#039;, ip: &#039;10.117.61.30&#039;, os.name: &#039;Windows 7&#039;, os.arch: &#039;x86&#039;, os.version: &#039;6.1&#039;, java.version: &#039;1.8.0_45&#039;
Driver info: driver.version: FirefoxDriver">
      <![CDATA[org.openqa.selenium.WebDriverException: Cannot find firefox binary in PATH. Make sure firefox is installed. OS appears to be: VISTA
Build info: version: '2.39.0', revision: 'ff23eac', time: '2013-12-16 16:11:15'
System info: host: 'DS-386077741F2D', ip: '10.117.61.30', os.name: 'Windows 7', os.arch: 'x86', os.version: '6.1', java.version: '1.8.0_45'
Driver info: driver.version: FirefoxDriver
	at org.openqa.selenium.firefox.internal.Executable.<init>(Executable.java:72)
	at org.openqa.selenium.firefox.FirefoxBinary.<init>(FirefoxBinary.java:59)
	at org.openqa.selenium.firefox.FirefoxBinary.<init>(FirefoxBinary.java:55)
	at org.openqa.selenium.firefox.FirefoxDriver.<init>(FirefoxDriver.java:99)
	at LoadTest.TestMultipleThreads.loadTest(TestMultipleThreads.java:16)
	at sun.reflect.GeneratedMethodAccessor1.invoke(Unknown Source)
	at sun.reflect.DelegatingMethodAccessorImpl.invoke(Unknown Source)
	at java.lang.reflect.Method.invoke(Unknown Source)
	at org.testng.internal.MethodInvocationHelper.invokeMethod(MethodInvocationHelper.java:84)
	at org.testng.internal.Invoker.invokeMethod(Invoker.java:714)
	at org.testng.internal.Invoker.invokeTestMethod(Invoker.java:901)
	at org.testng.internal.Invoker.invokeTestMethods(Invoker.java:1231)
	at org.testng.internal.TestMethodWorker.invokeTestMethods(TestMethodWorker.java:127)
	at org.testng.internal.TestMethodWorker.run(TestMethodWorker.java:111)
	at org.testng.internal.thread.ThreadUtil$2.call(ThreadUtil.java:64)
	at java.util.concurrent.FutureTask.run(Unknown Source)
	at java.util.concurrent.ThreadPoolExecutor.runWorker(Unknown Source)
	at java.util.concurrent.ThreadPoolExecutor$Worker.run(Unknown Source)
	at java.lang.Thread.run(Unknown Source)
]]>
    </failure>
  </testcase> <!-- loadTest -->
  <testcase name="loadTest" time="0.006" classname="LoadTest.TestMultipleThreads">
    <failure type="org.openqa.selenium.WebDriverException" message="Cannot find firefox binary in PATH. Make sure firefox is installed. OS appears to be: VISTA
Build info: version: &#039;2.39.0&#039;, revision: &#039;ff23eac&#039;, time: &#039;2013-12-16 16:11:15&#039;
System info: host: &#039;DS-386077741F2D&#039;, ip: &#039;10.117.61.30&#039;, os.name: &#039;Windows 7&#039;, os.arch: &#039;x86&#039;, os.version: &#039;6.1&#039;, java.version: &#039;1.8.0_45&#039;
Driver info: driver.version: FirefoxDriver">
      <![CDATA[org.openqa.selenium.WebDriverException: Cannot find firefox binary in PATH. Make sure firefox is installed. OS appears to be: VISTA
Build info: version: '2.39.0', revision: 'ff23eac', time: '2013-12-16 16:11:15'
System info: host: 'DS-386077741F2D', ip: '10.117.61.30', os.name: 'Windows 7', os.arch: 'x86', os.version: '6.1', java.version: '1.8.0_45'
Driver info: driver.version: FirefoxDriver
	at org.openqa.selenium.firefox.internal.Executable.<init>(Executable.java:72)
	at org.openqa.selenium.firefox.FirefoxBinary.<init>(FirefoxBinary.java:59)
	at org.openqa.selenium.firefox.FirefoxBinary.<init>(FirefoxBinary.java:55)
	at org.openqa.selenium.firefox.FirefoxDriver.<init>(FirefoxDriver.java:99)
	at LoadTest.TestMultipleThreads.loadTest(TestMultipleThreads.java:16)
	at sun.reflect.GeneratedMethodAccessor1.invoke(Unknown Source)
	at sun.reflect.DelegatingMethodAccessorImpl.invoke(Unknown Source)
	at java.lang.reflect.Method.invoke(Unknown Source)
	at org.testng.internal.MethodInvocationHelper.invokeMethod(MethodInvocationHelper.java:84)
	at org.testng.internal.Invoker.invokeMethod(Invoker.java:714)
	at org.testng.internal.Invoker.invokeTestMethod(Invoker.java:901)
	at org.testng.internal.Invoker.invokeTestMethods(Invoker.java:1231)
	at org.testng.internal.TestMethodWorker.invokeTestMethods(TestMethodWorker.java:127)
	at org.testng.internal.TestMethodWorker.run(TestMethodWorker.java:111)
	at org.testng.internal.thread.ThreadUtil$2.call(ThreadUtil.java:64)
	at java.util.concurrent.FutureTask.run(Unknown Source)
	at java.util.concurrent.ThreadPoolExecutor.runWorker(Unknown Source)
	at java.util.concurrent.ThreadPoolExecutor$Worker.run(Unknown Source)
	at java.lang.Thread.run(Unknown Source)
]]>
    </failure>
  </testcase> <!-- loadTest -->
  <testcase name="loadTest" time="0.021" classname="LoadTest.TestMultipleThreads">
    <failure type="org.openqa.selenium.WebDriverException" message="Cannot find firefox binary in PATH. Make sure firefox is installed. OS appears to be: VISTA
Build info: version: &#039;2.39.0&#039;, revision: &#039;ff23eac&#039;, time: &#039;2013-12-16 16:11:15&#039;
System info: host: &#039;DS-386077741F2D&#039;, ip: &#039;10.117.61.30&#039;, os.name: &#039;Windows 7&#039;, os.arch: &#039;x86&#039;, os.version: &#039;6.1&#039;, java.version: &#039;1.8.0_45&#039;
Driver info: driver.version: FirefoxDriver">
      <![CDATA[org.openqa.selenium.WebDriverException: Cannot find firefox binary in PATH. Make sure firefox is installed. OS appears to be: VISTA
Build info: version: '2.39.0', revision: 'ff23eac', time: '2013-12-16 16:11:15'
System info: host: 'DS-386077741F2D', ip: '10.117.61.30', os.name: 'Windows 7', os.arch: 'x86', os.version: '6.1', java.version: '1.8.0_45'
Driver info: driver.version: FirefoxDriver
	at org.openqa.selenium.firefox.internal.Executable.<init>(Executable.java:72)
	at org.openqa.selenium.firefox.FirefoxBinary.<init>(FirefoxBinary.java:59)
	at org.openqa.selenium.firefox.FirefoxBinary.<init>(FirefoxBinary.java:55)
	at org.openqa.selenium.firefox.FirefoxDriver.<init>(FirefoxDriver.java:99)
	at LoadTest.TestMultipleThreads.loadTest(TestMultipleThreads.java:16)
	at sun.reflect.GeneratedMethodAccessor1.invoke(Unknown Source)
	at sun.reflect.DelegatingMethodAccessorImpl.invoke(Unknown Source)
	at java.lang.reflect.Method.invoke(Unknown Source)
	at org.testng.internal.MethodInvocationHelper.invokeMethod(MethodInvocationHelper.java:84)
	at org.testng.internal.Invoker.invokeMethod(Invoker.java:714)
	at org.testng.internal.Invoker.invokeTestMethod(Invoker.java:901)
	at org.testng.internal.Invoker.invokeTestMethods(Invoker.java:1231)
	at org.testng.internal.TestMethodWorker.invokeTestMethods(TestMethodWorker.java:127)
	at org.testng.internal.TestMethodWorker.run(TestMethodWorker.java:111)
	at org.testng.internal.thread.ThreadUtil$2.call(ThreadUtil.java:64)
	at java.util.concurrent.FutureTask.run(Unknown Source)
	at java.util.concurrent.ThreadPoolExecutor.runWorker(Unknown Source)
	at java.util.concurrent.ThreadPoolExecutor$Worker.run(Unknown Source)
	at java.lang.Thread.run(Unknown Source)
]]>
    </failure>
  </testcase> <!-- loadTest -->
  <testcase name="loadTest" time="0.004" classname="LoadTest.TestMultipleThreads">
    <failure type="org.openqa.selenium.WebDriverException" message="Cannot find firefox binary in PATH. Make sure firefox is installed. OS appears to be: VISTA
Build info: version: &#039;2.39.0&#039;, revision: &#039;ff23eac&#039;, time: &#039;2013-12-16 16:11:15&#039;
System info: host: &#039;DS-386077741F2D&#039;, ip: &#039;10.117.61.30&#039;, os.name: &#039;Windows 7&#039;, os.arch: &#039;x86&#039;, os.version: &#039;6.1&#039;, java.version: &#039;1.8.0_45&#039;
Driver info: driver.version: FirefoxDriver">
      <![CDATA[org.openqa.selenium.WebDriverException: Cannot find firefox binary in PATH. Make sure firefox is installed. OS appears to be: VISTA
Build info: version: '2.39.0', revision: 'ff23eac', time: '2013-12-16 16:11:15'
System info: host: 'DS-386077741F2D', ip: '10.117.61.30', os.name: 'Windows 7', os.arch: 'x86', os.version: '6.1', java.version: '1.8.0_45'
Driver info: driver.version: FirefoxDriver
	at org.openqa.selenium.firefox.internal.Executable.<init>(Executable.java:72)
	at org.openqa.selenium.firefox.FirefoxBinary.<init>(FirefoxBinary.java:59)
	at org.openqa.selenium.firefox.FirefoxBinary.<init>(FirefoxBinary.java:55)
	at org.openqa.selenium.firefox.FirefoxDriver.<init>(FirefoxDriver.java:99)
	at LoadTest.TestMultipleThreads.loadTest(TestMultipleThreads.java:16)
	at sun.reflect.GeneratedMethodAccessor1.invoke(Unknown Source)
	at sun.reflect.DelegatingMethodAccessorImpl.invoke(Unknown Source)
	at java.lang.reflect.Method.invoke(Unknown Source)
	at org.testng.internal.MethodInvocationHelper.invokeMethod(MethodInvocationHelper.java:84)
	at org.testng.internal.Invoker.invokeMethod(Invoker.java:714)
	at org.testng.internal.Invoker.invokeTestMethod(Invoker.java:901)
	at org.testng.internal.Invoker.invokeTestMethods(Invoker.java:1231)
	at org.testng.internal.TestMethodWorker.invokeTestMethods(TestMethodWorker.java:127)
	at org.testng.internal.TestMethodWorker.run(TestMethodWorker.java:111)
	at org.testng.internal.thread.ThreadUtil$2.call(ThreadUtil.java:64)
	at java.util.concurrent.FutureTask.run(Unknown Source)
	at java.util.concurrent.ThreadPoolExecutor.runWorker(Unknown Source)
	at java.util.concurrent.ThreadPoolExecutor$Worker.run(Unknown Source)
	at java.lang.Thread.run(Unknown Source)
]]>
    </failure>
  </testcase> <!-- loadTest -->
  <testcase name="loadTest" time="0.001" classname="LoadTest.TestMultipleThreads">
    <failure type="org.openqa.selenium.WebDriverException" message="Cannot find firefox binary in PATH. Make sure firefox is installed. OS appears to be: VISTA
Build info: version: &#039;2.39.0&#039;, revision: &#039;ff23eac&#039;, time: &#039;2013-12-16 16:11:15&#039;
System info: host: &#039;DS-386077741F2D&#039;, ip: &#039;10.117.61.30&#039;, os.name: &#039;Windows 7&#039;, os.arch: &#039;x86&#039;, os.version: &#039;6.1&#039;, java.version: &#039;1.8.0_45&#039;
Driver info: driver.version: FirefoxDriver">
      <![CDATA[org.openqa.selenium.WebDriverException: Cannot find firefox binary in PATH. Make sure firefox is installed. OS appears to be: VISTA
Build info: version: '2.39.0', revision: 'ff23eac', time: '2013-12-16 16:11:15'
System info: host: 'DS-386077741F2D', ip: '10.117.61.30', os.name: 'Windows 7', os.arch: 'x86', os.version: '6.1', java.version: '1.8.0_45'
Driver info: driver.version: FirefoxDriver
	at org.openqa.selenium.firefox.internal.Executable.<init>(Executable.java:72)
	at org.openqa.selenium.firefox.FirefoxBinary.<init>(FirefoxBinary.java:59)
	at org.openqa.selenium.firefox.FirefoxBinary.<init>(FirefoxBinary.java:55)
	at org.openqa.selenium.firefox.FirefoxDriver.<init>(FirefoxDriver.java:99)
	at LoadTest.TestMultipleThreads.loadTest(TestMultipleThreads.java:16)
	at sun.reflect.GeneratedMethodAccessor1.invoke(Unknown Source)
	at sun.reflect.DelegatingMethodAccessorImpl.invoke(Unknown Source)
	at java.lang.reflect.Method.invoke(Unknown Source)
	at org.testng.internal.MethodInvocationHelper.invokeMethod(MethodInvocationHelper.java:84)
	at org.testng.internal.Invoker.invokeMethod(Invoker.java:714)
	at org.testng.internal.Invoker.invokeTestMethod(Invoker.java:901)
	at org.testng.internal.Invoker.invokeTestMethods(Invoker.java:1231)
	at org.testng.internal.TestMethodWorker.invokeTestMethods(TestMethodWorker.java:127)
	at org.testng.internal.TestMethodWorker.run(TestMethodWorker.java:111)
	at org.testng.internal.thread.ThreadUtil$2.call(ThreadUtil.java:64)
	at java.util.concurrent.FutureTask.run(Unknown Source)
	at java.util.concurrent.ThreadPoolExecutor.runWorker(Unknown Source)
	at java.util.concurrent.ThreadPoolExecutor$Worker.run(Unknown Source)
	at java.lang.Thread.run(Unknown Source)
]]>
    </failure>
  </testcase> <!-- loadTest -->
  <testcase name="loadTest" time="0.000" classname="LoadTest.TestMultipleThreads">
    <failure type="org.openqa.selenium.WebDriverException" message="Cannot find firefox binary in PATH. Make sure firefox is installed. OS appears to be: VISTA
Build info: version: &#039;2.39.0&#039;, revision: &#039;ff23eac&#039;, time: &#039;2013-12-16 16:11:15&#039;
System info: host: &#039;DS-386077741F2D&#039;, ip: &#039;10.117.61.30&#039;, os.name: &#039;Windows 7&#039;, os.arch: &#039;x86&#039;, os.version: &#039;6.1&#039;, java.version: &#039;1.8.0_45&#039;
Driver info: driver.version: FirefoxDriver">
      <![CDATA[org.openqa.selenium.WebDriverException: Cannot find firefox binary in PATH. Make sure firefox is installed. OS appears to be: VISTA
Build info: version: '2.39.0', revision: 'ff23eac', time: '2013-12-16 16:11:15'
System info: host: 'DS-386077741F2D', ip: '10.117.61.30', os.name: 'Windows 7', os.arch: 'x86', os.version: '6.1', java.version: '1.8.0_45'
Driver info: driver.version: FirefoxDriver
	at org.openqa.selenium.firefox.internal.Executable.<init>(Executable.java:72)
	at org.openqa.selenium.firefox.FirefoxBinary.<init>(FirefoxBinary.java:59)
	at org.openqa.selenium.firefox.FirefoxBinary.<init>(FirefoxBinary.java:55)
	at org.openqa.selenium.firefox.FirefoxDriver.<init>(FirefoxDriver.java:99)
	at LoadTest.TestMultipleThreads.loadTest(TestMultipleThreads.java:16)
	at sun.reflect.GeneratedMethodAccessor1.invoke(Unknown Source)
	at sun.reflect.DelegatingMethodAccessorImpl.invoke(Unknown Source)
	at java.lang.reflect.Method.invoke(Unknown Source)
	at org.testng.internal.MethodInvocationHelper.invokeMethod(MethodInvocationHelper.java:84)
	at org.testng.internal.Invoker.invokeMethod(Invoker.java:714)
	at org.testng.internal.Invoker.invokeTestMethod(Invoker.java:901)
	at org.testng.internal.Invoker.invokeTestMethods(Invoker.java:1231)
	at org.testng.internal.TestMethodWorker.invokeTestMethods(TestMethodWorker.java:127)
	at org.testng.internal.TestMethodWorker.run(TestMethodWorker.java:111)
	at org.testng.internal.thread.ThreadUtil$2.call(ThreadUtil.java:64)
	at java.util.concurrent.FutureTask.run(Unknown Source)
	at java.util.concurrent.ThreadPoolExecutor.runWorker(Unknown Source)
	at java.util.concurrent.ThreadPoolExecutor$Worker.run(Unknown Source)
	at java.lang.Thread.run(Unknown Source)
]]>
    </failure>
  </testcase> <!-- loadTest -->
  <testcase name="loadTest" time="0.002" classname="LoadTest.TestMultipleThreads">
    <failure type="org.openqa.selenium.WebDriverException" message="Cannot find firefox binary in PATH. Make sure firefox is installed. OS appears to be: VISTA
Build info: version: &#039;2.39.0&#039;, revision: &#039;ff23eac&#039;, time: &#039;2013-12-16 16:11:15&#039;
System info: host: &#039;DS-386077741F2D&#039;, ip: &#039;10.117.61.30&#039;, os.name: &#039;Windows 7&#039;, os.arch: &#039;x86&#039;, os.version: &#039;6.1&#039;, java.version: &#039;1.8.0_45&#039;
Driver info: driver.version: FirefoxDriver">
      <![CDATA[org.openqa.selenium.WebDriverException: Cannot find firefox binary in PATH. Make sure firefox is installed. OS appears to be: VISTA
Build info: version: '2.39.0', revision: 'ff23eac', time: '2013-12-16 16:11:15'
System info: host: 'DS-386077741F2D', ip: '10.117.61.30', os.name: 'Windows 7', os.arch: 'x86', os.version: '6.1', java.version: '1.8.0_45'
Driver info: driver.version: FirefoxDriver
	at org.openqa.selenium.firefox.internal.Executable.<init>(Executable.java:72)
	at org.openqa.selenium.firefox.FirefoxBinary.<init>(FirefoxBinary.java:59)
	at org.openqa.selenium.firefox.FirefoxBinary.<init>(FirefoxBinary.java:55)
	at org.openqa.selenium.firefox.FirefoxDriver.<init>(FirefoxDriver.java:99)
	at LoadTest.TestMultipleThreads.loadTest(TestMultipleThreads.java:16)
	at sun.reflect.GeneratedMethodAccessor1.invoke(Unknown Source)
	at sun.reflect.DelegatingMethodAccessorImpl.invoke(Unknown Source)
	at java.lang.reflect.Method.invoke(Unknown Source)
	at org.testng.internal.MethodInvocationHelper.invokeMethod(MethodInvocationHelper.java:84)
	at org.testng.internal.Invoker.invokeMethod(Invoker.java:714)
	at org.testng.internal.Invoker.invokeTestMethod(Invoker.java:901)
	at org.testng.internal.Invoker.invokeTestMethods(Invoker.java:1231)
	at org.testng.internal.TestMethodWorker.invokeTestMethods(TestMethodWorker.java:127)
	at org.testng.internal.TestMethodWorker.run(TestMethodWorker.java:111)
	at org.testng.internal.thread.ThreadUtil$2.call(ThreadUtil.java:64)
	at java.util.concurrent.FutureTask.run(Unknown Source)
	at java.util.concurrent.ThreadPoolExecutor.runWorker(Unknown Source)
	at java.util.concurrent.ThreadPoolExecutor$Worker.run(Unknown Source)
	at java.lang.Thread.run(Unknown Source)
]]>
    </failure>
  </testcase> <!-- loadTest -->
  <testcase name="loadTest" time="0.000" classname="LoadTest.TestMultipleThreads">
    <failure type="org.openqa.selenium.WebDriverException" message="Cannot find firefox binary in PATH. Make sure firefox is installed. OS appears to be: VISTA
Build info: version: &#039;2.39.0&#039;, revision: &#039;ff23eac&#039;, time: &#039;2013-12-16 16:11:15&#039;
System info: host: &#039;DS-386077741F2D&#039;, ip: &#039;10.117.61.30&#039;, os.name: &#039;Windows 7&#039;, os.arch: &#039;x86&#039;, os.version: &#039;6.1&#039;, java.version: &#039;1.8.0_45&#039;
Driver info: driver.version: FirefoxDriver">
      <![CDATA[org.openqa.selenium.WebDriverException: Cannot find firefox binary in PATH. Make sure firefox is installed. OS appears to be: VISTA
Build info: version: '2.39.0', revision: 'ff23eac', time: '2013-12-16 16:11:15'
System info: host: 'DS-386077741F2D', ip: '10.117.61.30', os.name: 'Windows 7', os.arch: 'x86', os.version: '6.1', java.version: '1.8.0_45'
Driver info: driver.version: FirefoxDriver
	at org.openqa.selenium.firefox.internal.Executable.<init>(Executable.java:72)
	at org.openqa.selenium.firefox.FirefoxBinary.<init>(FirefoxBinary.java:59)
	at org.openqa.selenium.firefox.FirefoxBinary.<init>(FirefoxBinary.java:55)
	at org.openqa.selenium.firefox.FirefoxDriver.<init>(FirefoxDriver.java:99)
	at LoadTest.TestMultipleThreads.loadTest(TestMultipleThreads.java:16)
	at sun.reflect.NativeMethodAccessorImpl.invoke0(Native Method)
	at sun.reflect.NativeMethodAccessorImpl.invoke(Unknown Source)
	at sun.reflect.DelegatingMethodAccessorImpl.invoke(Unknown Source)
	at java.lang.reflect.Method.invoke(Unknown Source)
	at org.testng.internal.MethodInvocationHelper.invokeMethod(MethodInvocationHelper.java:84)
	at org.testng.internal.Invoker.invokeMethod(Invoker.java:714)
	at org.testng.internal.Invoker.invokeTestMethod(Invoker.java:901)
	at org.testng.internal.Invoker.invokeTestMethods(Invoker.java:1231)
	at org.testng.internal.TestMethodWorker.invokeTestMethods(TestMethodWorker.java:127)
	at org.testng.internal.TestMethodWorker.run(TestMethodWorker.java:111)
	at org.testng.internal.thread.ThreadUtil$2.call(ThreadUtil.java:64)
	at java.util.concurrent.FutureTask.run(Unknown Source)
	at java.util.concurrent.ThreadPoolExecutor.runWorker(Unknown Source)
	at java.util.concurrent.ThreadPoolExecutor$Worker.run(Unknown Source)
	at java.lang.Thread.run(Unknown Source)
]]>
    </failure>
  </testcase> <!-- loadTest -->
  <testcase name="loadTest" time="0.061" classname="LoadTest.TestMultipleThreads">
    <failure type="org.openqa.selenium.WebDriverException" message="Cannot find firefox binary in PATH. Make sure firefox is installed. OS appears to be: VISTA
Build info: version: &#039;2.39.0&#039;, revision: &#039;ff23eac&#039;, time: &#039;2013-12-16 16:11:15&#039;
System info: host: &#039;DS-386077741F2D&#039;, ip: &#039;10.117.61.30&#039;, os.name: &#039;Windows 7&#039;, os.arch: &#039;x86&#039;, os.version: &#039;6.1&#039;, java.version: &#039;1.8.0_45&#039;
Driver info: driver.version: FirefoxDriver">
      <![CDATA[org.openqa.selenium.WebDriverException: Cannot find firefox binary in PATH. Make sure firefox is installed. OS appears to be: VISTA
Build info: version: '2.39.0', revision: 'ff23eac', time: '2013-12-16 16:11:15'
System info: host: 'DS-386077741F2D', ip: '10.117.61.30', os.name: 'Windows 7', os.arch: 'x86', os.version: '6.1', java.version: '1.8.0_45'
Driver info: driver.version: FirefoxDriver
	at org.openqa.selenium.firefox.internal.Executable.<init>(Executable.java:72)
	at org.openqa.selenium.firefox.FirefoxBinary.<init>(FirefoxBinary.java:59)
	at org.openqa.selenium.firefox.FirefoxBinary.<init>(FirefoxBinary.java:55)
	at org.openqa.selenium.firefox.FirefoxDriver.<init>(FirefoxDriver.java:99)
	at LoadTest.TestMultipleThreads.loadTest(TestMultipleThreads.java:16)
	at sun.reflect.GeneratedMethodAccessor1.invoke(Unknown Source)
	at sun.reflect.DelegatingMethodAccessorImpl.invoke(Unknown Source)
	at java.lang.reflect.Method.invoke(Unknown Source)
	at org.testng.internal.MethodInvocationHelper.invokeMethod(MethodInvocationHelper.java:84)
	at org.testng.internal.Invoker.invokeMethod(Invoker.java:714)
	at org.testng.internal.Invoker.invokeTestMethod(Invoker.java:901)
	at org.testng.internal.Invoker.invokeTestMethods(Invoker.java:1231)
	at org.testng.internal.TestMethodWorker.invokeTestMethods(TestMethodWorker.java:127)
	at org.testng.internal.TestMethodWorker.run(TestMethodWorker.java:111)
	at org.testng.internal.thread.ThreadUtil$2.call(ThreadUtil.java:64)
	at java.util.concurrent.FutureTask.run(Unknown Source)
	at java.util.concurrent.ThreadPoolExecutor.runWorker(Unknown Source)
	at java.util.concurrent.ThreadPoolExecutor$Worker.run(Unknown Source)
	at java.lang.Thread.run(Unknown Source)
]]>
    </failure>
  </testcase> <!-- loadTest -->
  <testcase name="loadTest" time="0.015" classname="LoadTest.TestMultipleThreads">
    <failure type="org.openqa.selenium.WebDriverException" message="Cannot find firefox binary in PATH. Make sure firefox is installed. OS appears to be: VISTA
Build info: version: &#039;2.39.0&#039;, revision: &#039;ff23eac&#039;, time: &#039;2013-12-16 16:11:15&#039;
System info: host: &#039;DS-386077741F2D&#039;, ip: &#039;10.117.61.30&#039;, os.name: &#039;Windows 7&#039;, os.arch: &#039;x86&#039;, os.version: &#039;6.1&#039;, java.version: &#039;1.8.0_45&#039;
Driver info: driver.version: FirefoxDriver">
      <![CDATA[org.openqa.selenium.WebDriverException: Cannot find firefox binary in PATH. Make sure firefox is installed. OS appears to be: VISTA
Build info: version: '2.39.0', revision: 'ff23eac', time: '2013-12-16 16:11:15'
System info: host: 'DS-386077741F2D', ip: '10.117.61.30', os.name: 'Windows 7', os.arch: 'x86', os.version: '6.1', java.version: '1.8.0_45'
Driver info: driver.version: FirefoxDriver
	at org.openqa.selenium.firefox.internal.Executable.<init>(Executable.java:72)
	at org.openqa.selenium.firefox.FirefoxBinary.<init>(FirefoxBinary.java:59)
	at org.openqa.selenium.firefox.FirefoxBinary.<init>(FirefoxBinary.java:55)
	at org.openqa.selenium.firefox.FirefoxDriver.<init>(FirefoxDriver.java:99)
	at LoadTest.TestMultipleThreads.loadTest(TestMultipleThreads.java:16)
	at sun.reflect.GeneratedMethodAccessor1.invoke(Unknown Source)
	at sun.reflect.DelegatingMethodAccessorImpl.invoke(Unknown Source)
	at java.lang.reflect.Method.invoke(Unknown Source)
	at org.testng.internal.MethodInvocationHelper.invokeMethod(MethodInvocationHelper.java:84)
	at org.testng.internal.Invoker.invokeMethod(Invoker.java:714)
	at org.testng.internal.Invoker.invokeTestMethod(Invoker.java:901)
	at org.testng.internal.Invoker.invokeTestMethods(Invoker.java:1231)
	at org.testng.internal.TestMethodWorker.invokeTestMethods(TestMethodWorker.java:127)
	at org.testng.internal.TestMethodWorker.run(TestMethodWorker.java:111)
	at org.testng.internal.thread.ThreadUtil$2.call(ThreadUtil.java:64)
	at java.util.concurrent.FutureTask.run(Unknown Source)
	at java.util.concurrent.ThreadPoolExecutor.runWorker(Unknown Source)
	at java.util.concurrent.ThreadPoolExecutor$Worker.run(Unknown Source)
	at java.lang.Thread.run(Unknown Source)
]]>
    </failure>
  </testcase> <!-- loadTest -->
  <testcase name="loadTest" time="0.000" classname="LoadTest.TestMultipleThreads">
    <failure type="org.openqa.selenium.WebDriverException" message="Cannot find firefox binary in PATH. Make sure firefox is installed. OS appears to be: VISTA
Build info: version: &#039;2.39.0&#039;, revision: &#039;ff23eac&#039;, time: &#039;2013-12-16 16:11:15&#039;
System info: host: &#039;DS-386077741F2D&#039;, ip: &#039;10.117.61.30&#039;, os.name: &#039;Windows 7&#039;, os.arch: &#039;x86&#039;, os.version: &#039;6.1&#039;, java.version: &#039;1.8.0_45&#039;
Driver info: driver.version: FirefoxDriver">
      <![CDATA[org.openqa.selenium.WebDriverException: Cannot find firefox binary in PATH. Make sure firefox is installed. OS appears to be: VISTA
Build info: version: '2.39.0', revision: 'ff23eac', time: '2013-12-16 16:11:15'
System info: host: 'DS-386077741F2D', ip: '10.117.61.30', os.name: 'Windows 7', os.arch: 'x86', os.version: '6.1', java.version: '1.8.0_45'
Driver info: driver.version: FirefoxDriver
	at org.openqa.selenium.firefox.internal.Executable.<init>(Executable.java:72)
	at org.openqa.selenium.firefox.FirefoxBinary.<init>(FirefoxBinary.java:59)
	at org.openqa.selenium.firefox.FirefoxBinary.<init>(FirefoxBinary.java:55)
	at org.openqa.selenium.firefox.FirefoxDriver.<init>(FirefoxDriver.java:99)
	at LoadTest.TestMultipleThreads.loadTest(TestMultipleThreads.java:16)
	at sun.reflect.GeneratedMethodAccessor1.invoke(Unknown Source)
	at sun.reflect.DelegatingMethodAccessorImpl.invoke(Unknown Source)
	at java.lang.reflect.Method.invoke(Unknown Source)
	at org.testng.internal.MethodInvocationHelper.invokeMethod(MethodInvocationHelper.java:84)
	at org.testng.internal.Invoker.invokeMethod(Invoker.java:714)
	at org.testng.internal.Invoker.invokeTestMethod(Invoker.java:901)
	at org.testng.internal.Invoker.invokeTestMethods(Invoker.java:1231)
	at org.testng.internal.TestMethodWorker.invokeTestMethods(TestMethodWorker.java:127)
	at org.testng.internal.TestMethodWorker.run(TestMethodWorker.java:111)
	at org.testng.internal.thread.ThreadUtil$2.call(ThreadUtil.java:64)
	at java.util.concurrent.FutureTask.run(Unknown Source)
	at java.util.concurrent.ThreadPoolExecutor.runWorker(Unknown Source)
	at java.util.concurrent.ThreadPoolExecutor$Worker.run(Unknown Source)
	at java.lang.Thread.run(Unknown Source)
]]>
    </failure>
  </testcase> <!-- loadTest -->
  <testcase name="loadTest" time="0.009" classname="LoadTest.TestMultipleThreads">
    <failure type="org.openqa.selenium.WebDriverException" message="Cannot find firefox binary in PATH. Make sure firefox is installed. OS appears to be: VISTA
Build info: version: &#039;2.39.0&#039;, revision: &#039;ff23eac&#039;, time: &#039;2013-12-16 16:11:15&#039;
System info: host: &#039;DS-386077741F2D&#039;, ip: &#039;10.117.61.30&#039;, os.name: &#039;Windows 7&#039;, os.arch: &#039;x86&#039;, os.version: &#039;6.1&#039;, java.version: &#039;1.8.0_45&#039;
Driver info: driver.version: FirefoxDriver">
      <![CDATA[org.openqa.selenium.WebDriverException: Cannot find firefox binary in PATH. Make sure firefox is installed. OS appears to be: VISTA
Build info: version: '2.39.0', revision: 'ff23eac', time: '2013-12-16 16:11:15'
System info: host: 'DS-386077741F2D', ip: '10.117.61.30', os.name: 'Windows 7', os.arch: 'x86', os.version: '6.1', java.version: '1.8.0_45'
Driver info: driver.version: FirefoxDriver
	at org.openqa.selenium.firefox.internal.Executable.<init>(Executable.java:72)
	at org.openqa.selenium.firefox.FirefoxBinary.<init>(FirefoxBinary.java:59)
	at org.openqa.selenium.firefox.FirefoxBinary.<init>(FirefoxBinary.java:55)
	at org.openqa.selenium.firefox.FirefoxDriver.<init>(FirefoxDriver.java:99)
	at LoadTest.TestMultipleThreads.loadTest(TestMultipleThreads.java:16)
	at sun.reflect.GeneratedMethodAccessor1.invoke(Unknown Source)
	at sun.reflect.DelegatingMethodAccessorImpl.invoke(Unknown Source)
	at java.lang.reflect.Method.invoke(Unknown Source)
	at org.testng.internal.MethodInvocationHelper.invokeMethod(MethodInvocationHelper.java:84)
	at org.testng.internal.Invoker.invokeMethod(Invoker.java:714)
	at org.testng.internal.Invoker.invokeTestMethod(Invoker.java:901)
	at org.testng.internal.Invoker.invokeTestMethods(Invoker.java:1231)
	at org.testng.internal.TestMethodWorker.invokeTestMethods(TestMethodWorker.java:127)
	at org.testng.internal.TestMethodWorker.run(TestMethodWorker.java:111)
	at org.testng.internal.thread.ThreadUtil$2.call(ThreadUtil.java:64)
	at java.util.concurrent.FutureTask.run(Unknown Source)
	at java.util.concurrent.ThreadPoolExecutor.runWorker(Unknown Source)
	at java.util.concurrent.ThreadPoolExecutor$Worker.run(Unknown Source)
	at java.lang.Thread.run(Unknown Source)
]]>
    </failure>
  </testcase> <!-- loadTest -->
  <testcase name="loadTest" time="0.001" classname="LoadTest.TestMultipleThreads">
    <failure type="org.openqa.selenium.WebDriverException" message="Cannot find firefox binary in PATH. Make sure firefox is installed. OS appears to be: VISTA
Build info: version: &#039;2.39.0&#039;, revision: &#039;ff23eac&#039;, time: &#039;2013-12-16 16:11:15&#039;
System info: host: &#039;DS-386077741F2D&#039;, ip: &#039;10.117.61.30&#039;, os.name: &#039;Windows 7&#039;, os.arch: &#039;x86&#039;, os.version: &#039;6.1&#039;, java.version: &#039;1.8.0_45&#039;
Driver info: driver.version: FirefoxDriver">
      <![CDATA[org.openqa.selenium.WebDriverException: Cannot find firefox binary in PATH. Make sure firefox is installed. OS appears to be: VISTA
Build info: version: '2.39.0', revision: 'ff23eac', time: '2013-12-16 16:11:15'
System info: host: 'DS-386077741F2D', ip: '10.117.61.30', os.name: 'Windows 7', os.arch: 'x86', os.version: '6.1', java.version: '1.8.0_45'
Driver info: driver.version: FirefoxDriver
	at org.openqa.selenium.firefox.internal.Executable.<init>(Executable.java:72)
	at org.openqa.selenium.firefox.FirefoxBinary.<init>(FirefoxBinary.java:59)
	at org.openqa.selenium.firefox.FirefoxBinary.<init>(FirefoxBinary.java:55)
	at org.openqa.selenium.firefox.FirefoxDriver.<init>(FirefoxDriver.java:99)
	at LoadTest.TestMultipleThreads.loadTest(TestMultipleThreads.java:16)
	at sun.reflect.GeneratedMethodAccessor1.invoke(Unknown Source)
	at sun.reflect.DelegatingMethodAccessorImpl.invoke(Unknown Source)
	at java.lang.reflect.Method.invoke(Unknown Source)
	at org.testng.internal.MethodInvocationHelper.invokeMethod(MethodInvocationHelper.java:84)
	at org.testng.internal.Invoker.invokeMethod(Invoker.java:714)
	at org.testng.internal.Invoker.invokeTestMethod(Invoker.java:901)
	at org.testng.internal.Invoker.invokeTestMethods(Invoker.java:1231)
	at org.testng.internal.TestMethodWorker.invokeTestMethods(TestMethodWorker.java:127)
	at org.testng.internal.TestMethodWorker.run(TestMethodWorker.java:111)
	at org.testng.internal.thread.ThreadUtil$2.call(ThreadUtil.java:64)
	at java.util.concurrent.FutureTask.run(Unknown Source)
	at java.util.concurrent.ThreadPoolExecutor.runWorker(Unknown Source)
	at java.util.concurrent.ThreadPoolExecutor$Worker.run(Unknown Source)
	at java.lang.Thread.run(Unknown Source)
]]>
    </failure>
  </testcase> <!-- loadTest -->
  <testcase name="loadTest" time="0.003" classname="LoadTest.TestMultipleThreads">
    <failure type="org.openqa.selenium.WebDriverException" message="Cannot find firefox binary in PATH. Make sure firefox is installed. OS appears to be: VISTA
Build info: version: &#039;2.39.0&#039;, revision: &#039;ff23eac&#039;, time: &#039;2013-12-16 16:11:15&#039;
System info: host: &#039;DS-386077741F2D&#039;, ip: &#039;10.117.61.30&#039;, os.name: &#039;Windows 7&#039;, os.arch: &#039;x86&#039;, os.version: &#039;6.1&#039;, java.version: &#039;1.8.0_45&#039;
Driver info: driver.version: FirefoxDriver">
      <![CDATA[org.openqa.selenium.WebDriverException: Cannot find firefox binary in PATH. Make sure firefox is installed. OS appears to be: VISTA
Build info: version: '2.39.0', revision: 'ff23eac', time: '2013-12-16 16:11:15'
System info: host: 'DS-386077741F2D', ip: '10.117.61.30', os.name: 'Windows 7', os.arch: 'x86', os.version: '6.1', java.version: '1.8.0_45'
Driver info: driver.version: FirefoxDriver
	at org.openqa.selenium.firefox.internal.Executable.<init>(Executable.java:72)
	at org.openqa.selenium.firefox.FirefoxBinary.<init>(FirefoxBinary.java:59)
	at org.openqa.selenium.firefox.FirefoxBinary.<init>(FirefoxBinary.java:55)
	at org.openqa.selenium.firefox.FirefoxDriver.<init>(FirefoxDriver.java:99)
	at LoadTest.TestMultipleThreads.loadTest(TestMultipleThreads.java:16)
	at sun.reflect.GeneratedMethodAccessor1.invoke(Unknown Source)
	at sun.reflect.DelegatingMethodAccessorImpl.invoke(Unknown Source)
	at java.lang.reflect.Method.invoke(Unknown Source)
	at org.testng.internal.MethodInvocationHelper.invokeMethod(MethodInvocationHelper.java:84)
	at org.testng.internal.Invoker.invokeMethod(Invoker.java:714)
	at org.testng.internal.Invoker.invokeTestMethod(Invoker.java:901)
	at org.testng.internal.Invoker.invokeTestMethods(Invoker.java:1231)
	at org.testng.internal.TestMethodWorker.invokeTestMethods(TestMethodWorker.java:127)
	at org.testng.internal.TestMethodWorker.run(TestMethodWorker.java:111)
	at org.testng.internal.thread.ThreadUtil$2.call(ThreadUtil.java:64)
	at java.util.concurrent.FutureTask.run(Unknown Source)
	at java.util.concurrent.ThreadPoolExecutor.runWorker(Unknown Source)
	at java.util.concurrent.ThreadPoolExecutor$Worker.run(Unknown Source)
	at java.lang.Thread.run(Unknown Source)
]]>
    </failure>
  </testcase> <!-- loadTest -->
  <testcase name="loadTest" time="0.001" classname="LoadTest.TestMultipleThreads">
    <failure type="org.openqa.selenium.WebDriverException" message="Cannot find firefox binary in PATH. Make sure firefox is installed. OS appears to be: VISTA
Build info: version: &#039;2.39.0&#039;, revision: &#039;ff23eac&#039;, time: &#039;2013-12-16 16:11:15&#039;
System info: host: &#039;DS-386077741F2D&#039;, ip: &#039;10.117.61.30&#039;, os.name: &#039;Windows 7&#039;, os.arch: &#039;x86&#039;, os.version: &#039;6.1&#039;, java.version: &#039;1.8.0_45&#039;
Driver info: driver.version: FirefoxDriver">
      <![CDATA[org.openqa.selenium.WebDriverException: Cannot find firefox binary in PATH. Make sure firefox is installed. OS appears to be: VISTA
Build info: version: '2.39.0', revision: 'ff23eac', time: '2013-12-16 16:11:15'
System info: host: 'DS-386077741F2D', ip: '10.117.61.30', os.name: 'Windows 7', os.arch: 'x86', os.version: '6.1', java.version: '1.8.0_45'
Driver info: driver.version: FirefoxDriver
	at org.openqa.selenium.firefox.internal.Executable.<init>(Executable.java:72)
	at org.openqa.selenium.firefox.FirefoxBinary.<init>(FirefoxBinary.java:59)
	at org.openqa.selenium.firefox.FirefoxBinary.<init>(FirefoxBinary.java:55)
	at org.openqa.selenium.firefox.FirefoxDriver.<init>(FirefoxDriver.java:99)
	at LoadTest.TestMultipleThreads.loadTest(TestMultipleThreads.java:16)
	at sun.reflect.GeneratedMethodAccessor1.invoke(Unknown Source)
	at sun.reflect.DelegatingMethodAccessorImpl.invoke(Unknown Source)
	at java.lang.reflect.Method.invoke(Unknown Source)
	at org.testng.internal.MethodInvocationHelper.invokeMethod(MethodInvocationHelper.java:84)
	at org.testng.internal.Invoker.invokeMethod(Invoker.java:714)
	at org.testng.internal.Invoker.invokeTestMethod(Invoker.java:901)
	at org.testng.internal.Invoker.invokeTestMethods(Invoker.java:1231)
	at org.testng.internal.TestMethodWorker.invokeTestMethods(TestMethodWorker.java:127)
	at org.testng.internal.TestMethodWorker.run(TestMethodWorker.java:111)
	at org.testng.internal.thread.ThreadUtil$2.call(ThreadUtil.java:64)
	at java.util.concurrent.FutureTask.run(Unknown Source)
	at java.util.concurrent.ThreadPoolExecutor.runWorker(Unknown Source)
	at java.util.concurrent.ThreadPoolExecutor$Worker.run(Unknown Source)
	at java.lang.Thread.run(Unknown Source)
]]>
    </failure>
  </testcase> <!-- loadTest -->
  <testcase name="loadTest" time="0.001" classname="LoadTest.TestMultipleThreads">
    <failure type="org.openqa.selenium.WebDriverException" message="Cannot find firefox binary in PATH. Make sure firefox is installed. OS appears to be: VISTA
Build info: version: &#039;2.39.0&#039;, revision: &#039;ff23eac&#039;, time: &#039;2013-12-16 16:11:15&#039;
System info: host: &#039;DS-386077741F2D&#039;, ip: &#039;10.117.61.30&#039;, os.name: &#039;Windows 7&#039;, os.arch: &#039;x86&#039;, os.version: &#039;6.1&#039;, java.version: &#039;1.8.0_45&#039;
Driver info: driver.version: FirefoxDriver">
      <![CDATA[org.openqa.selenium.WebDriverException: Cannot find firefox binary in PATH. Make sure firefox is installed. OS appears to be: VISTA
Build info: version: '2.39.0', revision: 'ff23eac', time: '2013-12-16 16:11:15'
System info: host: 'DS-386077741F2D', ip: '10.117.61.30', os.name: 'Windows 7', os.arch: 'x86', os.version: '6.1', java.version: '1.8.0_45'
Driver info: driver.version: FirefoxDriver
	at org.openqa.selenium.firefox.internal.Executable.<init>(Executable.java:72)
	at org.openqa.selenium.firefox.FirefoxBinary.<init>(FirefoxBinary.java:59)
	at org.openqa.selenium.firefox.FirefoxBinary.<init>(FirefoxBinary.java:55)
	at org.openqa.selenium.firefox.FirefoxDriver.<init>(FirefoxDriver.java:99)
	at LoadTest.TestMultipleThreads.loadTest(TestMultipleThreads.java:16)
	at sun.reflect.GeneratedMethodAccessor1.invoke(Unknown Source)
	at sun.reflect.DelegatingMethodAccessorImpl.invoke(Unknown Source)
	at java.lang.reflect.Method.invoke(Unknown Source)
	at org.testng.internal.MethodInvocationHelper.invokeMethod(MethodInvocationHelper.java:84)
	at org.testng.internal.Invoker.invokeMethod(Invoker.java:714)
	at org.testng.internal.Invoker.invokeTestMethod(Invoker.java:901)
	at org.testng.internal.Invoker.invokeTestMethods(Invoker.java:1231)
	at org.testng.internal.TestMethodWorker.invokeTestMethods(TestMethodWorker.java:127)
	at org.testng.internal.TestMethodWorker.run(TestMethodWorker.java:111)
	at org.testng.internal.thread.ThreadUtil$2.call(ThreadUtil.java:64)
	at java.util.concurrent.FutureTask.run(Unknown Source)
	at java.util.concurrent.ThreadPoolExecutor.runWorker(Unknown Source)
	at java.util.concurrent.ThreadPoolExecutor$Worker.run(Unknown Source)
	at java.lang.Thread.run(Unknown Source)
]]>
    </failure>
  </testcase> <!-- loadTest -->
  <testcase name="loadTest" time="0.000" classname="LoadTest.TestMultipleThreads">
    <failure type="org.openqa.selenium.WebDriverException" message="Cannot find firefox binary in PATH. Make sure firefox is installed. OS appears to be: VISTA
Build info: version: &#039;2.39.0&#039;, revision: &#039;ff23eac&#039;, time: &#039;2013-12-16 16:11:15&#039;
System info: host: &#039;DS-386077741F2D&#039;, ip: &#039;10.117.61.30&#039;, os.name: &#039;Windows 7&#039;, os.arch: &#039;x86&#039;, os.version: &#039;6.1&#039;, java.version: &#039;1.8.0_45&#039;
Driver info: driver.version: FirefoxDriver">
      <![CDATA[org.openqa.selenium.WebDriverException: Cannot find firefox binary in PATH. Make sure firefox is installed. OS appears to be: VISTA
Build info: version: '2.39.0', revision: 'ff23eac', time: '2013-12-16 16:11:15'
System info: host: 'DS-386077741F2D', ip: '10.117.61.30', os.name: 'Windows 7', os.arch: 'x86', os.version: '6.1', java.version: '1.8.0_45'
Driver info: driver.version: FirefoxDriver
	at org.openqa.selenium.firefox.internal.Executable.<init>(Executable.java:72)
	at org.openqa.selenium.firefox.FirefoxBinary.<init>(FirefoxBinary.java:59)
	at org.openqa.selenium.firefox.FirefoxBinary.<init>(FirefoxBinary.java:55)
	at org.openqa.selenium.firefox.FirefoxDriver.<init>(FirefoxDriver.java:99)
	at LoadTest.TestMultipleThreads.loadTest(TestMultipleThreads.java:16)
	at sun.reflect.GeneratedMethodAccessor1.invoke(Unknown Source)
	at sun.reflect.DelegatingMethodAccessorImpl.invoke(Unknown Source)
	at java.lang.reflect.Method.invoke(Unknown Source)
	at org.testng.internal.MethodInvocationHelper.invokeMethod(MethodInvocationHelper.java:84)
	at org.testng.internal.Invoker.invokeMethod(Invoker.java:714)
	at org.testng.internal.Invoker.invokeTestMethod(Invoker.java:901)
	at org.testng.internal.Invoker.invokeTestMethods(Invoker.java:1231)
	at org.testng.internal.TestMethodWorker.invokeTestMethods(TestMethodWorker.java:127)
	at org.testng.internal.TestMethodWorker.run(TestMethodWorker.java:111)
	at org.testng.internal.thread.ThreadUtil$2.call(ThreadUtil.java:64)
	at java.util.concurrent.FutureTask.run(Unknown Source)
	at java.util.concurrent.ThreadPoolExecutor.runWorker(Unknown Source)
	at java.util.concurrent.ThreadPoolExecutor$Worker.run(Unknown Source)
	at java.lang.Thread.run(Unknown Source)
]]>
    </failure>
  </testcase> <!-- loadTest -->
  <testcase name="loadTest" time="0.000" classname="LoadTest.TestMultipleThreads">
    <failure type="org.openqa.selenium.WebDriverException" message="Cannot find firefox binary in PATH. Make sure firefox is installed. OS appears to be: VISTA
Build info: version: &#039;2.39.0&#039;, revision: &#039;ff23eac&#039;, time: &#039;2013-12-16 16:11:15&#039;
System info: host: &#039;DS-386077741F2D&#039;, ip: &#039;10.117.61.30&#039;, os.name: &#039;Windows 7&#039;, os.arch: &#039;x86&#039;, os.version: &#039;6.1&#039;, java.version: &#039;1.8.0_45&#039;
Driver info: driver.version: FirefoxDriver">
      <![CDATA[org.openqa.selenium.WebDriverException: Cannot find firefox binary in PATH. Make sure firefox is installed. OS appears to be: VISTA
Build info: version: '2.39.0', revision: 'ff23eac', time: '2013-12-16 16:11:15'
System info: host: 'DS-386077741F2D', ip: '10.117.61.30', os.name: 'Windows 7', os.arch: 'x86', os.version: '6.1', java.version: '1.8.0_45'
Driver info: driver.version: FirefoxDriver
	at org.openqa.selenium.firefox.internal.Executable.<init>(Executable.java:72)
	at org.openqa.selenium.firefox.FirefoxBinary.<init>(FirefoxBinary.java:59)
	at org.openqa.selenium.firefox.FirefoxBinary.<init>(FirefoxBinary.java:55)
	at org.openqa.selenium.firefox.FirefoxDriver.<init>(FirefoxDriver.java:99)
	at LoadTest.TestMultipleThreads.loadTest(TestMultipleThreads.java:16)
	at sun.reflect.NativeMethodAccessorImpl.invoke0(Native Method)
	at sun.reflect.NativeMethodAccessorImpl.invoke(Unknown Source)
	at sun.reflect.DelegatingMethodAccessorImpl.invoke(Unknown Source)
	at java.lang.reflect.Method.invoke(Unknown Source)
	at org.testng.internal.MethodInvocationHelper.invokeMethod(MethodInvocationHelper.java:84)
	at org.testng.internal.Invoker.invokeMethod(Invoker.java:714)
	at org.testng.internal.Invoker.invokeTestMethod(Invoker.java:901)
	at org.testng.internal.Invoker.invokeTestMethods(Invoker.java:1231)
	at org.testng.internal.TestMethodWorker.invokeTestMethods(TestMethodWorker.java:127)
	at org.testng.internal.TestMethodWorker.run(TestMethodWorker.java:111)
	at org.testng.internal.thread.ThreadUtil$2.call(ThreadUtil.java:64)
	at java.util.concurrent.FutureTask.run(Unknown Source)
	at java.util.concurrent.ThreadPoolExecutor.runWorker(Unknown Source)
	at java.util.concurrent.ThreadPoolExecutor$Worker.run(Unknown Source)
	at java.lang.Thread.run(Unknown Source)
]]>
    </failure>
  </testcase> <!-- loadTest -->
  <testcase name="loadTest" time="0.013" classname="LoadTest.TestMultipleThreads">
    <failure type="org.openqa.selenium.WebDriverException" message="Cannot find firefox binary in PATH. Make sure firefox is installed. OS appears to be: VISTA
Build info: version: &#039;2.39.0&#039;, revision: &#039;ff23eac&#039;, time: &#039;2013-12-16 16:11:15&#039;
System info: host: &#039;DS-386077741F2D&#039;, ip: &#039;10.117.61.30&#039;, os.name: &#039;Windows 7&#039;, os.arch: &#039;x86&#039;, os.version: &#039;6.1&#039;, java.version: &#039;1.8.0_45&#039;
Driver info: driver.version: FirefoxDriver">
      <![CDATA[org.openqa.selenium.WebDriverException: Cannot find firefox binary in PATH. Make sure firefox is installed. OS appears to be: VISTA
Build info: version: '2.39.0', revision: 'ff23eac', time: '2013-12-16 16:11:15'
System info: host: 'DS-386077741F2D', ip: '10.117.61.30', os.name: 'Windows 7', os.arch: 'x86', os.version: '6.1', java.version: '1.8.0_45'
Driver info: driver.version: FirefoxDriver
	at org.openqa.selenium.firefox.internal.Executable.<init>(Executable.java:72)
	at org.openqa.selenium.firefox.FirefoxBinary.<init>(FirefoxBinary.java:59)
	at org.openqa.selenium.firefox.FirefoxBinary.<init>(FirefoxBinary.java:55)
	at org.openqa.selenium.firefox.FirefoxDriver.<init>(FirefoxDriver.java:99)
	at LoadTest.TestMultipleThreads.loadTest(TestMultipleThreads.java:16)
	at sun.reflect.GeneratedMethodAccessor1.invoke(Unknown Source)
	at sun.reflect.DelegatingMethodAccessorImpl.invoke(Unknown Source)
	at java.lang.reflect.Method.invoke(Unknown Source)
	at org.testng.internal.MethodInvocationHelper.invokeMethod(MethodInvocationHelper.java:84)
	at org.testng.internal.Invoker.invokeMethod(Invoker.java:714)
	at org.testng.internal.Invoker.invokeTestMethod(Invoker.java:901)
	at org.testng.internal.Invoker.invokeTestMethods(Invoker.java:1231)
	at org.testng.internal.TestMethodWorker.invokeTestMethods(TestMethodWorker.java:127)
	at org.testng.internal.TestMethodWorker.run(TestMethodWorker.java:111)
	at org.testng.internal.thread.ThreadUtil$2.call(ThreadUtil.java:64)
	at java.util.concurrent.FutureTask.run(Unknown Source)
	at java.util.concurrent.ThreadPoolExecutor.runWorker(Unknown Source)
	at java.util.concurrent.ThreadPoolExecutor$Worker.run(Unknown Source)
	at java.lang.Thread.run(Unknown Source)
]]>
    </failure>
  </testcase> <!-- loadTest -->
  <testcase name="loadTest" time="0.000" classname="LoadTest.TestMultipleThreads">
    <failure type="org.openqa.selenium.WebDriverException" message="Cannot find firefox binary in PATH. Make sure firefox is installed. OS appears to be: VISTA
Build info: version: &#039;2.39.0&#039;, revision: &#039;ff23eac&#039;, time: &#039;2013-12-16 16:11:15&#039;
System info: host: &#039;DS-386077741F2D&#039;, ip: &#039;10.117.61.30&#039;, os.name: &#039;Windows 7&#039;, os.arch: &#039;x86&#039;, os.version: &#039;6.1&#039;, java.version: &#039;1.8.0_45&#039;
Driver info: driver.version: FirefoxDriver">
      <![CDATA[org.openqa.selenium.WebDriverException: Cannot find firefox binary in PATH. Make sure firefox is installed. OS appears to be: VISTA
Build info: version: '2.39.0', revision: 'ff23eac', time: '2013-12-16 16:11:15'
System info: host: 'DS-386077741F2D', ip: '10.117.61.30', os.name: 'Windows 7', os.arch: 'x86', os.version: '6.1', java.version: '1.8.0_45'
Driver info: driver.version: FirefoxDriver
	at org.openqa.selenium.firefox.internal.Executable.<init>(Executable.java:72)
	at org.openqa.selenium.firefox.FirefoxBinary.<init>(FirefoxBinary.java:59)
	at org.openqa.selenium.firefox.FirefoxBinary.<init>(FirefoxBinary.java:55)
	at org.openqa.selenium.firefox.FirefoxDriver.<init>(FirefoxDriver.java:99)
	at LoadTest.TestMultipleThreads.loadTest(TestMultipleThreads.java:16)
	at sun.reflect.GeneratedMethodAccessor1.invoke(Unknown Source)
	at sun.reflect.DelegatingMethodAccessorImpl.invoke(Unknown Source)
	at java.lang.reflect.Method.invoke(Unknown Source)
	at org.testng.internal.MethodInvocationHelper.invokeMethod(MethodInvocationHelper.java:84)
	at org.testng.internal.Invoker.invokeMethod(Invoker.java:714)
	at org.testng.internal.Invoker.invokeTestMethod(Invoker.java:901)
	at org.testng.internal.Invoker.invokeTestMethods(Invoker.java:1231)
	at org.testng.internal.TestMethodWorker.invokeTestMethods(TestMethodWorker.java:127)
	at org.testng.internal.TestMethodWorker.run(TestMethodWorker.java:111)
	at org.testng.internal.thread.ThreadUtil$2.call(ThreadUtil.java:64)
	at java.util.concurrent.FutureTask.run(Unknown Source)
	at java.util.concurrent.ThreadPoolExecutor.runWorker(Unknown Source)
	at java.util.concurrent.ThreadPoolExecutor$Worker.run(Unknown Source)
	at java.lang.Thread.run(Unknown Source)
]]>
    </failure>
  </testcase> <!-- loadTest -->
  <testcase name="loadTest" time="0.001" classname="LoadTest.TestMultipleThreads">
    <failure type="org.openqa.selenium.WebDriverException" message="Cannot find firefox binary in PATH. Make sure firefox is installed. OS appears to be: VISTA
Build info: version: &#039;2.39.0&#039;, revision: &#039;ff23eac&#039;, time: &#039;2013-12-16 16:11:15&#039;
System info: host: &#039;DS-386077741F2D&#039;, ip: &#039;10.117.61.30&#039;, os.name: &#039;Windows 7&#039;, os.arch: &#039;x86&#039;, os.version: &#039;6.1&#039;, java.version: &#039;1.8.0_45&#039;
Driver info: driver.version: FirefoxDriver">
      <![CDATA[org.openqa.selenium.WebDriverException: Cannot find firefox binary in PATH. Make sure firefox is installed. OS appears to be: VISTA
Build info: version: '2.39.0', revision: 'ff23eac', time: '2013-12-16 16:11:15'
System info: host: 'DS-386077741F2D', ip: '10.117.61.30', os.name: 'Windows 7', os.arch: 'x86', os.version: '6.1', java.version: '1.8.0_45'
Driver info: driver.version: FirefoxDriver
	at org.openqa.selenium.firefox.internal.Executable.<init>(Executable.java:72)
	at org.openqa.selenium.firefox.FirefoxBinary.<init>(FirefoxBinary.java:59)
	at org.openqa.selenium.firefox.FirefoxBinary.<init>(FirefoxBinary.java:55)
	at org.openqa.selenium.firefox.FirefoxDriver.<init>(FirefoxDriver.java:99)
	at LoadTest.TestMultipleThreads.loadTest(TestMultipleThreads.java:16)
	at sun.reflect.NativeMethodAccessorImpl.invoke0(Native Method)
	at sun.reflect.NativeMethodAccessorImpl.invoke(Unknown Source)
	at sun.reflect.DelegatingMethodAccessorImpl.invoke(Unknown Source)
	at java.lang.reflect.Method.invoke(Unknown Source)
	at org.testng.internal.MethodInvocationHelper.invokeMethod(MethodInvocationHelper.java:84)
	at org.testng.internal.Invoker.invokeMethod(Invoker.java:714)
	at org.testng.internal.Invoker.invokeTestMethod(Invoker.java:901)
	at org.testng.internal.Invoker.invokeTestMethods(Invoker.java:1231)
	at org.testng.internal.TestMethodWorker.invokeTestMethods(TestMethodWorker.java:127)
	at org.testng.internal.TestMethodWorker.run(TestMethodWorker.java:111)
	at org.testng.internal.thread.ThreadUtil$2.call(ThreadUtil.java:64)
	at java.util.concurrent.FutureTask.run(Unknown Source)
	at java.util.concurrent.ThreadPoolExecutor.runWorker(Unknown Source)
	at java.util.concurrent.ThreadPoolExecutor$Worker.run(Unknown Source)
	at java.lang.Thread.run(Unknown Source)
]]>
    </failure>
  </testcase> <!-- loadTest -->
  <testcase name="loadTest" time="0.002" classname="LoadTest.TestMultipleThreads">
    <failure type="org.openqa.selenium.WebDriverException" message="Cannot find firefox binary in PATH. Make sure firefox is installed. OS appears to be: VISTA
Build info: version: &#039;2.39.0&#039;, revision: &#039;ff23eac&#039;, time: &#039;2013-12-16 16:11:15&#039;
System info: host: &#039;DS-386077741F2D&#039;, ip: &#039;10.117.61.30&#039;, os.name: &#039;Windows 7&#039;, os.arch: &#039;x86&#039;, os.version: &#039;6.1&#039;, java.version: &#039;1.8.0_45&#039;
Driver info: driver.version: FirefoxDriver">
      <![CDATA[org.openqa.selenium.WebDriverException: Cannot find firefox binary in PATH. Make sure firefox is installed. OS appears to be: VISTA
Build info: version: '2.39.0', revision: 'ff23eac', time: '2013-12-16 16:11:15'
System info: host: 'DS-386077741F2D', ip: '10.117.61.30', os.name: 'Windows 7', os.arch: 'x86', os.version: '6.1', java.version: '1.8.0_45'
Driver info: driver.version: FirefoxDriver
	at org.openqa.selenium.firefox.internal.Executable.<init>(Executable.java:72)
	at org.openqa.selenium.firefox.FirefoxBinary.<init>(FirefoxBinary.java:59)
	at org.openqa.selenium.firefox.FirefoxBinary.<init>(FirefoxBinary.java:55)
	at org.openqa.selenium.firefox.FirefoxDriver.<init>(FirefoxDriver.java:99)
	at LoadTest.TestMultipleThreads.loadTest(TestMultipleThreads.java:16)
	at sun.reflect.GeneratedMethodAccessor1.invoke(Unknown Source)
	at sun.reflect.DelegatingMethodAccessorImpl.invoke(Unknown Source)
	at java.lang.reflect.Method.invoke(Unknown Source)
	at org.testng.internal.MethodInvocationHelper.invokeMethod(MethodInvocationHelper.java:84)
	at org.testng.internal.Invoker.invokeMethod(Invoker.java:714)
	at org.testng.internal.Invoker.invokeTestMethod(Invoker.java:901)
	at org.testng.internal.Invoker.invokeTestMethods(Invoker.java:1231)
	at org.testng.internal.TestMethodWorker.invokeTestMethods(TestMethodWorker.java:127)
	at org.testng.internal.TestMethodWorker.run(TestMethodWorker.java:111)
	at org.testng.internal.thread.ThreadUtil$2.call(ThreadUtil.java:64)
	at java.util.concurrent.FutureTask.run(Unknown Source)
	at java.util.concurrent.ThreadPoolExecutor.runWorker(Unknown Source)
	at java.util.concurrent.ThreadPoolExecutor$Worker.run(Unknown Source)
	at java.lang.Thread.run(Unknown Source)
]]>
    </failure>
  </testcase> <!-- loadTest -->
  <testcase name="loadTest" time="0.012" classname="LoadTest.TestMultipleThreads">
    <failure type="org.openqa.selenium.WebDriverException" message="Cannot find firefox binary in PATH. Make sure firefox is installed. OS appears to be: VISTA
Build info: version: &#039;2.39.0&#039;, revision: &#039;ff23eac&#039;, time: &#039;2013-12-16 16:11:15&#039;
System info: host: &#039;DS-386077741F2D&#039;, ip: &#039;10.117.61.30&#039;, os.name: &#039;Windows 7&#039;, os.arch: &#039;x86&#039;, os.version: &#039;6.1&#039;, java.version: &#039;1.8.0_45&#039;
Driver info: driver.version: FirefoxDriver">
      <![CDATA[org.openqa.selenium.WebDriverException: Cannot find firefox binary in PATH. Make sure firefox is installed. OS appears to be: VISTA
Build info: version: '2.39.0', revision: 'ff23eac', time: '2013-12-16 16:11:15'
System info: host: 'DS-386077741F2D', ip: '10.117.61.30', os.name: 'Windows 7', os.arch: 'x86', os.version: '6.1', java.version: '1.8.0_45'
Driver info: driver.version: FirefoxDriver
	at org.openqa.selenium.firefox.internal.Executable.<init>(Executable.java:72)
	at org.openqa.selenium.firefox.FirefoxBinary.<init>(FirefoxBinary.java:59)
	at org.openqa.selenium.firefox.FirefoxBinary.<init>(FirefoxBinary.java:55)
	at org.openqa.selenium.firefox.FirefoxDriver.<init>(FirefoxDriver.java:99)
	at LoadTest.TestMultipleThreads.loadTest(TestMultipleThreads.java:16)
	at sun.reflect.GeneratedMethodAccessor1.invoke(Unknown Source)
	at sun.reflect.DelegatingMethodAccessorImpl.invoke(Unknown Source)
	at java.lang.reflect.Method.invoke(Unknown Source)
	at org.testng.internal.MethodInvocationHelper.invokeMethod(MethodInvocationHelper.java:84)
	at org.testng.internal.Invoker.invokeMethod(Invoker.java:714)
	at org.testng.internal.Invoker.invokeTestMethod(Invoker.java:901)
	at org.testng.internal.Invoker.invokeTestMethods(Invoker.java:1231)
	at org.testng.internal.TestMethodWorker.invokeTestMethods(TestMethodWorker.java:127)
	at org.testng.internal.TestMethodWorker.run(TestMethodWorker.java:111)
	at org.testng.internal.thread.ThreadUtil$2.call(ThreadUtil.java:64)
	at java.util.concurrent.FutureTask.run(Unknown Source)
	at java.util.concurrent.ThreadPoolExecutor.runWorker(Unknown Source)
	at java.util.concurrent.ThreadPoolExecutor$Worker.run(Unknown Source)
	at java.lang.Thread.run(Unknown Source)
]]>
    </failure>
  </testcase> <!-- loadTest -->
  <testcase name="loadTest" time="0.015" classname="LoadTest.TestMultipleThreads">
    <failure type="org.openqa.selenium.WebDriverException" message="Cannot find firefox binary in PATH. Make sure firefox is installed. OS appears to be: VISTA
Build info: version: &#039;2.39.0&#039;, revision: &#039;ff23eac&#039;, time: &#039;2013-12-16 16:11:15&#039;
System info: host: &#039;DS-386077741F2D&#039;, ip: &#039;10.117.61.30&#039;, os.name: &#039;Windows 7&#039;, os.arch: &#039;x86&#039;, os.version: &#039;6.1&#039;, java.version: &#039;1.8.0_45&#039;
Driver info: driver.version: FirefoxDriver">
      <![CDATA[org.openqa.selenium.WebDriverException: Cannot find firefox binary in PATH. Make sure firefox is installed. OS appears to be: VISTA
Build info: version: '2.39.0', revision: 'ff23eac', time: '2013-12-16 16:11:15'
System info: host: 'DS-386077741F2D', ip: '10.117.61.30', os.name: 'Windows 7', os.arch: 'x86', os.version: '6.1', java.version: '1.8.0_45'
Driver info: driver.version: FirefoxDriver
[...]
	at sun.reflect.DelegatingMethodAccessorImpl.invoke(Unknown Source)
	at java.lang.reflect.Method.invoke(Unknown Source)
	at org.testng.internal.MethodInvocationHelper.invokeMethod(MethodInvocationHelper.java:84)
	at org.testng.internal.Invoker.invokeMethod(Invoker.java:714)
	at org.testng.internal.Invoker.invokeTestMethod(Invoker.java:901)
	at org.testng.internal.Invoker.invokeTestMethods(Invoker.java:1231)
	at org.testng.internal.TestMethodWorker.invokeTestMethods(TestMethodWorker.java:127)
	at org.testng.internal.TestMethodWorker.run(TestMethodWorker.java:111)
	at org.testng.internal.thread.ThreadUtil$2.call(ThreadUtil.java:64)
	at java.util.concurrent.FutureTask.run(Unknown Source)
	at java.util.concurrent.ThreadPoolExecutor.runWorker(Unknown Source)
	at java.util.concurrent.ThreadPoolExecutor$Worker.run(Unknown Source)
	at java.lang.Thread.run(Unknown Source)
]]>
    </failure>
  </testcase> <!-- loadTest -->
  <testcase name="loadTest" time="0.002" classname="LoadTest.TestMultipleThreads">
    <failure type="org.openqa.selenium.WebDriverException" message="Cannot find firefox binary in PATH. Make sure firefox is installed. OS appears to be: VISTA
Build info: version: &#039;2.39.0&#039;, revision: &#039;ff23eac&#039;, time: &#039;2013-12-16 16:11:15&#039;
System info: host: &#039;DS-386077741F2D&#039;, ip: &#039;10.117.61.30&#039;, os.name: &#039;Windows 7&#039;, os.arch: &#039;x86&#039;, os.version: &#039;6.1&#039;, java.version: &#039;1.8.0_45&#039;
Driver info: driver.version: FirefoxDriver">
      <![CDATA[org.openqa.selenium.WebDriverException: Cannot find firefox binary in PATH. Make sure firefox is installed. OS appears to be: VISTA
Build info: version: '2.39.0', revision: 'ff23eac', time: '2013-12-16 16:11:15'
System info: host: 'DS-386077741F2D', ip: '10.117.61.30', os.name: 'Windows 7', os.arch: 'x86', os.version: '6.1', java.version: '1.8.0_45'
Driver info: driver.version: FirefoxDriver
	at org.openqa.selenium.firefox.internal.Executable.<init>(Executable.java:72)
	at org.openqa.selenium.firefox.FirefoxBinary.<init>(FirefoxBinary.java:59)
	at org.openqa.selenium.firefox.FirefoxBinary.<init>(FirefoxBinary.java:55)
	at org.openqa.selenium.firefox.FirefoxDriver.<init>(FirefoxDriver.java:99)
	at LoadTest.TestMultipleThreads.loadTest(TestMultipleThreads.java:16)
	at sun.reflect.GeneratedMethodAccessor1.invoke(Unknown Source)
	at sun.reflect.DelegatingMethodAccessorImpl.invoke(Unknown Source)
	at java.lang.reflect.Method.invoke(Unknown Source)
	at org.testng.internal.MethodInvocationHelper.invokeMethod(MethodInvocationHelper.java:84)
	at org.testng.internal.Invoker.invokeMethod(Invoker.java:714)
	at org.testng.internal.Invoker.invokeTestMethod(Invoker.java:901)
	at org.testng.internal.Invoker.invokeTestMethods(Invoker.java:1231)
	at org.testng.internal.TestMethodWorker.invokeTestMethods(TestMethodWorker.java:127)
	at org.testng.internal.TestMethodWorker.run(TestMethodWorker.java:111)
	at org.testng.internal.thread.ThreadUtil$2.call(ThreadUtil.java:64)
	at java.util.concurrent.FutureTask.run(Unknown Source)
	at java.util.concurrent.ThreadPoolExecutor.runWorker(Unknown Source)
	at java.util.concurrent.ThreadPoolExecutor$Worker.run(Unknown Source)
	at java.lang.Thread.run(Unknown Source)
]]>
    </failure>
  </testcase> <!-- loadTest -->
  <testcase name="loadTest" time="0.018" classname="LoadTest.TestMultipleThreads">
    <failure type="org.openqa.selenium.WebDriverException" message="Cannot find firefox binary in PATH. Make sure firefox is installed. OS appears to be: VISTA
Build info: version: &#039;2.39.0&#039;, revision: &#039;ff23eac&#039;, time: &#039;2013-12-16 16:11:15&#039;
System info: host: &#039;DS-386077741F2D&#039;, ip: &#039;10.117.61.30&#039;, os.name: &#039;Windows 7&#039;, os.arch: &#039;x86&#039;, os.version: &#039;6.1&#039;, java.version: &#039;1.8.0_45&#039;
Driver info: driver.version: FirefoxDriver">
      <![CDATA[org.openqa.selenium.WebDriverException: Cannot find firefox binary in PATH. Make sure firefox is installed. OS appears to be: VISTA
Build info: version: '2.39.0', revision: 'ff23eac', time: '2013-12-16 16:11:15'
System info: host: 'DS-386077741F2D', ip: '10.117.61.30', os.name: 'Windows 7', os.arch: 'x86', os.version: '6.1', java.version: '1.8.0_45'
Driver info: driver.version: FirefoxDriver
	at org.openqa.selenium.firefox.internal.Executable.<init>(Executable.java:72)
	at org.openqa.selenium.firefox.FirefoxBinary.<init>(FirefoxBinary.java:59)
	at org.openqa.selenium.firefox.FirefoxBinary.<init>(FirefoxBinary.java:55)
	at org.openqa.selenium.firefox.FirefoxDriver.<init>(FirefoxDriver.java:99)
	at LoadTest.TestMultipleThreads.loadTest(TestMultipleThreads.java:16)
	at sun.reflect.GeneratedMethodAccessor1.invoke(Unknown Source)
	at sun.reflect.DelegatingMethodAccessorImpl.invoke(Unknown Source)
	at java.lang.reflect.Method.invoke(Unknown Source)
	at org.testng.internal.MethodInvocationHelper.invokeMethod(MethodInvocationHelper.java:84)
	at org.testng.internal.Invoker.invokeMethod(Invoker.java:714)
	at org.testng.internal.Invoker.invokeTestMethod(Invoker.java:901)
	at org.testng.internal.Invoker.invokeTestMethods(Invoker.java:1231)
	at org.testng.internal.TestMethodWorker.invokeTestMethods(TestMethodWorker.java:127)
	at org.testng.internal.TestMethodWorker.run(TestMethodWorker.java:111)
	at org.testng.internal.thread.ThreadUtil$2.call(ThreadUtil.java:64)
	at java.util.concurrent.FutureTask.run(Unknown Source)
	at java.util.concurrent.ThreadPoolExecutor.runWorker(Unknown Source)
	at java.util.concurrent.ThreadPoolExecutor$Worker.run(Unknown Source)
	at java.lang.Thread.run(Unknown Source)
]]>
    </failure>
  </testcase> <!-- loadTest -->
  <testcase name="loadTest" time="0.000" classname="LoadTest.TestMultipleThreads">
    <failure type="org.openqa.selenium.WebDriverException" message="Cannot find firefox binary in PATH. Make sure firefox is installed. OS appears to be: VISTA
Build info: version: &#039;2.39.0&#039;, revision: &#039;ff23eac&#039;, time: &#039;2013-12-16 16:11:15&#039;
System info: host: &#039;DS-386077741F2D&#039;, ip: &#039;10.117.61.30&#039;, os.name: &#039;Windows 7&#039;, os.arch: &#039;x86&#039;, os.version: &#039;6.1&#039;, java.version: &#039;1.8.0_45&#039;
Driver info: driver.version: FirefoxDriver">
      <![CDATA[org.openqa.selenium.WebDriverException: Cannot find firefox binary in PATH. Make sure firefox is installed. OS appears to be: VISTA
Build info: version: '2.39.0', revision: 'ff23eac', time: '2013-12-16 16:11:15'
System info: host: 'DS-386077741F2D', ip: '10.117.61.30', os.name: 'Windows 7', os.arch: 'x86', os.version: '6.1', java.version: '1.8.0_45'
Driver info: driver.version: FirefoxDriver
	at org.openqa.selenium.firefox.internal.Executable.<init>(Executable.java:72)
	at org.openqa.selenium.firefox.FirefoxBinary.<init>(FirefoxBinary.java:59)
	at org.openqa.selenium.firefox.FirefoxBinary.<init>(FirefoxBinary.java:55)
	at org.openqa.selenium.firefox.FirefoxDriver.<init>(FirefoxDriver.java:99)
	at LoadTest.TestMultipleThreads.loadTest(TestMultipleThreads.java:16)
	at sun.reflect.GeneratedMethodAccessor1.invoke(Unknown Source)
	at sun.reflect.DelegatingMethodAccessorImpl.invoke(Unknown Source)
	at java.lang.reflect.Method.invoke(Unknown Source)
	at org.testng.internal.MethodInvocationHelper.invokeMethod(MethodInvocationHelper.java:84)
	at org.testng.internal.Invoker.invokeMethod(Invoker.java:714)
	at org.testng.internal.Invoker.invokeTestMethod(Invoker.java:901)
	at org.testng.internal.Invoker.invokeTestMethods(Invoker.java:1231)
	at org.testng.internal.TestMethodWorker.invokeTestMethods(TestMethodWorker.java:127)
	at org.testng.internal.TestMethodWorker.run(TestMethodWorker.java:111)
	at org.testng.internal.thread.ThreadUtil$2.call(ThreadUtil.java:64)
	at java.util.concurrent.FutureTask.run(Unknown Source)
	at java.util.concurrent.ThreadPoolExecutor.runWorker(Unknown Source)
	at java.util.concurrent.ThreadPoolExecutor$Worker.run(Unknown Source)
	at java.lang.Thread.run(Unknown Source)
]]>
    </failure>
  </testcase> <!-- loadTest -->
  <testcase name="loadTest" time="0.003" classname="LoadTest.TestMultipleThreads">
    <failure type="org.openqa.selenium.WebDriverException" message="Cannot find firefox binary in PATH. Make sure firefox is installed. OS appears to be: VISTA
Build info: version: &#039;2.39.0&#039;, revision: &#039;ff23eac&#039;, time: &#039;2013-12-16 16:11:15&#039;
System info: host: &#039;DS-386077741F2D&#039;, ip: &#039;10.117.61.30&#039;, os.name: &#039;Windows 7&#039;, os.arch: &#039;x86&#039;, os.version: &#039;6.1&#039;, java.version: &#039;1.8.0_45&#039;
Driver info: driver.version: FirefoxDriver">
      <![CDATA[org.openqa.selenium.WebDriverException: Cannot find firefox binary in PATH. Make sure firefox is installed. OS appears to be: VISTA
Build info: version: '2.39.0', revision: 'ff23eac', time: '2013-12-16 16:11:15'
System info: host: 'DS-386077741F2D', ip: '10.117.61.30', os.name: 'Windows 7', os.arch: 'x86', os.version: '6.1', java.version: '1.8.0_45'
Driver info: driver.version: FirefoxDriver
	at org.openqa.selenium.firefox.internal.Executable.<init>(Executable.java:72)
	at org.openqa.selenium.firefox.FirefoxBinary.<init>(FirefoxBinary.java:59)
	at org.openqa.selenium.firefox.FirefoxBinary.<init>(FirefoxBinary.java:55)
	at org.openqa.selenium.firefox.FirefoxDriver.<init>(FirefoxDriver.java:99)
	at LoadTest.TestMultipleThreads.loadTest(TestMultipleThreads.java:16)
	at sun.reflect.GeneratedMethodAccessor1.invoke(Unknown Source)
	at sun.reflect.DelegatingMethodAccessorImpl.invoke(Unknown Source)
	at java.lang.reflect.Method.invoke(Unknown Source)
	at org.testng.internal.MethodInvocationHelper.invokeMethod(MethodInvocationHelper.java:84)
	at org.testng.internal.Invoker.invokeMethod(Invoker.java:714)
	at org.testng.internal.Invoker.invokeTestMethod(Invoker.java:901)
	at org.testng.internal.Invoker.invokeTestMethods(Invoker.java:1231)
	at org.testng.internal.TestMethodWorker.invokeTestMethods(TestMethodWorker.java:127)
	at org.testng.internal.TestMethodWorker.run(TestMethodWorker.java:111)
	at org.testng.internal.thread.ThreadUtil$2.call(ThreadUtil.java:64)
	at java.util.concurrent.FutureTask.run(Unknown Source)
	at java.util.concurrent.ThreadPoolExecutor.runWorker(Unknown Source)
	at java.util.concurrent.ThreadPoolExecutor$Worker.run(Unknown Source)
	at java.lang.Thread.run(Unknown Source)
]]>
    </failure>
  </testcase> <!-- loadTest -->
  <testcase name="loadTest" time="0.000" classname="LoadTest.TestMultipleThreads">
    <failure type="org.openqa.selenium.WebDriverException" message="Cannot find firefox binary in PATH. Make sure firefox is installed. OS appears to be: VISTA
Build info: version: &#039;2.39.0&#039;, revision: &#039;ff23eac&#039;, time: &#039;2013-12-16 16:11:15&#039;
System info: host: &#039;DS-386077741F2D&#039;, ip: &#039;10.117.61.30&#039;, os.name: &#039;Windows 7&#039;, os.arch: &#039;x86&#039;, os.version: &#039;6.1&#039;, java.version: &#039;1.8.0_45&#039;
Driver info: driver.version: FirefoxDriver">
      <![CDATA[org.openqa.selenium.WebDriverException: Cannot find firefox binary in PATH. Make sure firefox is installed. OS appears to be: VISTA
Build info: version: '2.39.0', revision: 'ff23eac', time: '2013-12-16 16:11:15'
System info: host: 'DS-386077741F2D', ip: '10.117.61.30', os.name: 'Windows 7', os.arch: 'x86', os.version: '6.1', java.version: '1.8.0_45'
Driver info: driver.version: FirefoxDriver
	at org.openqa.selenium.firefox.internal.Executable.<init>(Executable.java:72)
	at org.openqa.selenium.firefox.FirefoxBinary.<init>(FirefoxBinary.java:59)
	at org.openqa.selenium.firefox.FirefoxBinary.<init>(FirefoxBinary.java:55)
	at org.openqa.selenium.firefox.FirefoxDriver.<init>(FirefoxDriver.java:99)
	at LoadTest.TestMultipleThreads.loadTest(TestMultipleThreads.java:16)
	at sun.reflect.GeneratedMethodAccessor1.invoke(Unknown Source)
	at sun.reflect.DelegatingMethodAccessorImpl.invoke(Unknown Source)
	at java.lang.reflect.Method.invoke(Unknown Source)
	at org.testng.internal.MethodInvocationHelper.invokeMethod(MethodInvocationHelper.java:84)
	at org.testng.internal.Invoker.invokeMethod(Invoker.java:714)
	at org.testng.internal.Invoker.invokeTestMethod(Invoker.java:901)
	at org.testng.internal.Invoker.invokeTestMethods(Invoker.java:1231)
	at org.testng.internal.TestMethodWorker.invokeTestMethods(TestMethodWorker.java:127)
	at org.testng.internal.TestMethodWorker.run(TestMethodWorker.java:111)
	at org.testng.internal.thread.ThreadUtil$2.call(ThreadUtil.java:64)
	at java.util.concurrent.FutureTask.run(Unknown Source)
	at java.util.concurrent.ThreadPoolExecutor.runWorker(Unknown Source)
	at java.util.concurrent.ThreadPoolExecutor$Worker.run(Unknown Source)
	at java.lang.Thread.run(Unknown Source)
]]>
    </failure>
  </testcase> <!-- loadTest -->
  <testcase name="loadTest" time="0.000" classname="LoadTest.TestMultipleThreads">
    <failure type="org.openqa.selenium.WebDriverException" message="Cannot find firefox binary in PATH. Make sure firefox is installed. OS appears to be: VISTA
Build info: version: &#039;2.39.0&#039;, revision: &#039;ff23eac&#039;, time: &#039;2013-12-16 16:11:15&#039;
System info: host: &#039;DS-386077741F2D&#039;, ip: &#039;10.117.61.30&#039;, os.name: &#039;Windows 7&#039;, os.arch: &#039;x86&#039;, os.version: &#039;6.1&#039;, java.version: &#039;1.8.0_45&#039;
Driver info: driver.version: FirefoxDriver">
      <![CDATA[org.openqa.selenium.WebDriverException: Cannot find firefox binary in PATH. Make sure firefox is installed. OS appears to be: VISTA
Build info: version: '2.39.0', revision: 'ff23eac', time: '2013-12-16 16:11:15'
System info: host: 'DS-386077741F2D', ip: '10.117.61.30', os.name: 'Windows 7', os.arch: 'x86', os.version: '6.1', java.version: '1.8.0_45'
Driver info: driver.version: FirefoxDriver
	at org.openqa.selenium.firefox.internal.Executable.<init>(Executable.java:72)
	at org.openqa.selenium.firefox.FirefoxBinary.<init>(FirefoxBinary.java:59)
	at org.openqa.selenium.firefox.FirefoxBinary.<init>(FirefoxBinary.java:55)
	at org.openqa.selenium.firefox.FirefoxDriver.<init>(FirefoxDriver.java:99)
	at LoadTest.TestMultipleThreads.loadTest(TestMultipleThreads.java:16)
	at sun.reflect.GeneratedMethodAccessor1.invoke(Unknown Source)
	at sun.reflect.DelegatingMethodAccessorImpl.invoke(Unknown Source)
	at java.lang.reflect.Method.invoke(Unknown Source)
	at org.testng.internal.MethodInvocationHelper.invokeMethod(MethodInvocationHelper.java:84)
	at org.testng.internal.Invoker.invokeMethod(Invoker.java:714)
	at org.testng.internal.Invoker.invokeTestMethod(Invoker.java:901)
	at org.testng.internal.Invoker.invokeTestMethods(Invoker.java:1231)
	at org.testng.internal.TestMethodWorker.invokeTestMethods(TestMethodWorker.java:127)
	at org.testng.internal.TestMethodWorker.run(TestMethodWorker.java:111)
	at org.testng.internal.thread.ThreadUtil$2.call(ThreadUtil.java:64)
	at java.util.concurrent.FutureTask.run(Unknown Source)
	at java.util.concurrent.ThreadPoolExecutor.runWorker(Unknown Source)
	at java.util.concurrent.ThreadPoolExecutor$Worker.run(Unknown Source)
	at java.lang.Thread.run(Unknown Source)
]]>
    </failure>
  </testcase> <!-- loadTest -->
  <testcase name="loadTest" time="0.008" classname="LoadTest.TestMultipleThreads">
    <failure type="org.openqa.selenium.WebDriverException" message="Cannot find firefox binary in PATH. Make sure firefox is installed. OS appears to be: VISTA
Build info: version: &#039;2.39.0&#039;, revision: &#039;ff23eac&#039;, time: &#039;2013-12-16 16:11:15&#039;
System info: host: &#039;DS-386077741F2D&#039;, ip: &#039;10.117.61.30&#039;, os.name: &#039;Windows 7&#039;, os.arch: &#039;x86&#039;, os.version: &#039;6.1&#039;, java.version: &#039;1.8.0_45&#039;
Driver info: driver.version: FirefoxDriver">
      <![CDATA[org.openqa.selenium.WebDriverException: Cannot find firefox binary in PATH. Make sure firefox is installed. OS appears to be: VISTA
Build info: version: '2.39.0', revision: 'ff23eac', time: '2013-12-16 16:11:15'
System info: host: 'DS-386077741F2D', ip: '10.117.61.30', os.name: 'Windows 7', os.arch: 'x86', os.version: '6.1', java.version: '1.8.0_45'
Driver info: driver.version: FirefoxDriver
	at org.openqa.selenium.firefox.internal.Executable.<init>(Executable.java:72)
	at org.openqa.selenium.firefox.FirefoxBinary.<init>(FirefoxBinary.java:59)
	at org.openqa.selenium.firefox.FirefoxBinary.<init>(FirefoxBinary.java:55)
	at org.openqa.selenium.firefox.FirefoxDriver.<init>(FirefoxDriver.java:99)
	at LoadTest.TestMultipleThreads.loadTest(TestMultipleThreads.java:16)
	at sun.reflect.GeneratedMethodAccessor1.invoke(Unknown Source)
	at sun.reflect.DelegatingMethodAccessorImpl.invoke(Unknown Source)
	at java.lang.reflect.Method.invoke(Unknown Source)
	at org.testng.internal.MethodInvocationHelper.invokeMethod(MethodInvocationHelper.java:84)
	at org.testng.internal.Invoker.invokeMethod(Invoker.java:714)
	at org.testng.internal.Invoker.invokeTestMethod(Invoker.java:901)
	at org.testng.internal.Invoker.invokeTestMethods(Invoker.java:1231)
	at org.testng.internal.TestMethodWorker.invokeTestMethods(TestMethodWorker.java:127)
	at org.testng.internal.TestMethodWorker.run(TestMethodWorker.java:111)
	at org.testng.internal.thread.ThreadUtil$2.call(ThreadUtil.java:64)
	at java.util.concurrent.FutureTask.run(Unknown Source)
	at java.util.concurrent.ThreadPoolExecutor.runWorker(Unknown Source)
	at java.util.concurrent.ThreadPoolExecutor$Worker.run(Unknown Source)
	at java.lang.Thread.run(Unknown Source)
]]>
    </failure>
  </testcase> <!-- loadTest -->
  <testcase name="loadTest" time="0.004" classname="LoadTest.TestMultipleThreads">
    <failure type="org.openqa.selenium.WebDriverException" message="Cannot find firefox binary in PATH. Make sure firefox is installed. OS appears to be: VISTA
Build info: version: &#039;2.39.0&#039;, revision: &#039;ff23eac&#039;, time: &#039;2013-12-16 16:11:15&#039;
System info: host: &#039;DS-386077741F2D&#039;, ip: &#039;10.117.61.30&#039;, os.name: &#039;Windows 7&#039;, os.arch: &#039;x86&#039;, os.version: &#039;6.1&#039;, java.version: &#039;1.8.0_45&#039;
Driver info: driver.version: FirefoxDriver">
      <![CDATA[org.openqa.selenium.WebDriverException: Cannot find firefox binary in PATH. Make sure firefox is installed. OS appears to be: VISTA
Build info: version: '2.39.0', revision: 'ff23eac', time: '2013-12-16 16:11:15'
System info: host: 'DS-386077741F2D', ip: '10.117.61.30', os.name: 'Windows 7', os.arch: 'x86', os.version: '6.1', java.version: '1.8.0_45'
Driver info: driver.version: FirefoxDriver
	at org.openqa.selenium.firefox.internal.Executable.<init>(Executable.java:72)
	at org.openqa.selenium.firefox.FirefoxBinary.<init>(FirefoxBinary.java:59)
	at org.openqa.selenium.firefox.FirefoxBinary.<init>(FirefoxBinary.java:55)
	at org.openqa.selenium.firefox.FirefoxDriver.<init>(FirefoxDriver.java:99)
	at LoadTest.TestMultipleThreads.loadTest(TestMultipleThreads.java:16)
	at sun.reflect.GeneratedMethodAccessor1.invoke(Unknown Source)
	at sun.reflect.DelegatingMethodAccessorImpl.invoke(Unknown Source)
	at java.lang.reflect.Method.invoke(Unknown Source)
	at org.testng.internal.MethodInvocationHelper.invokeMethod(MethodInvocationHelper.java:84)
	at org.testng.internal.Invoker.invokeMethod(Invoker.java:714)
	at org.testng.internal.Invoker.invokeTestMethod(Invoker.java:901)
	at org.testng.internal.Invoker.invokeTestMethods(Invoker.java:1231)
	at org.testng.internal.TestMethodWorker.invokeTestMethods(TestMethodWorker.java:127)
	at org.testng.internal.TestMethodWorker.run(TestMethodWorker.java:111)
	at org.testng.internal.thread.ThreadUtil$2.call(ThreadUtil.java:64)
	at java.util.concurrent.FutureTask.run(Unknown Source)
	at java.util.concurrent.ThreadPoolExecutor.runWorker(Unknown Source)
	at java.util.concurrent.ThreadPoolExecutor$Worker.run(Unknown Source)
	at java.lang.Thread.run(Unknown Source)
]]>
    </failure>
  </testcase> <!-- loadTest -->
</testsuite> <!-- LoadTest.TestMultipleThreads -->
