<?xml version="1.0" encoding="UTF-8"?>
<!-- Generated by org.testng.reporters.JUnitXMLReporter -->
<testsuite hostname="DS-386077741F2D" name="Command line test" tests="2" failures="0" timestamp="15 Jul 2015 05:33:23 GMT" time="0.04" errors="0">
  <testcase name="@BeforeClass launch" time="0.0" classname="com.application.tests.CreateBillingTest">
    <failure type="java.lang.NoSuchMethodError" message="org.apache.poi.util.IOUtils.peekFirst8Bytes(Ljava/io/InputStream;)[B">
      <![CDATA[java.lang.NoSuchMethodError: org.apache.poi.util.IOUtils.peekFirst8Bytes(Ljava/io/InputStream;)[B
	at org.apache.poi.ss.usermodel.WorkbookFactory.create(WorkbookFactory.java:167)
	at org.apache.poi.ss.usermodel.WorkbookFactory.create(WorkbookFactory.java:143)
	at com.application.libraries.ExcelLibrary.getExcelData(ExcelLibrary.java:21)
	at com.application.tests.BaseClass.launch(BaseClass.java:20)
... Removed 34 stack frames]]>
    </failure>
  </testcase> <!-- @BeforeClass launch -->
  <testcase name="@AfterClass quit" time="0.0" classname="com.application.tests.CreateBillingTest">
    <skipped/>
  </testcase> <!-- @AfterClass quit -->
  <testcase name="@BeforeClass launch" time="0.0" classname="com.application.tests.DeleteBillingTest">
    <skipped/>
  </testcase> <!-- @BeforeClass launch -->
  <testcase name="@AfterClass quit" time="0.0" classname="com.application.tests.DeleteBillingTest">
    <skipped/>
  </testcase> <!-- @AfterClass quit -->
  <testcase name="testCreateBilling" time="0.001" classname="com.application.tests.CreateBillingTest">
    <skipped/>
  </testcase> <!-- testCreateBilling -->
  <testcase name="testDeleteBilling" time="0.0" classname="com.application.tests.DeleteBillingTest">
    <skipped/>
  </testcase> <!-- testDeleteBilling -->
</testsuite> <!-- Command line test -->
