<?xml version="1.0" encoding="UTF-8"?>
<testng-results skipped="3" failed="0" total="3" passed="0">
  <reporter-output>
  </reporter-output>
  <suite name="Default suite" duration-ms="42" started-at="2015-07-15T05:34:20Z" finished-at="2015-07-15T05:34:20Z">
    <groups>
    </groups>
    <test name="Default test" duration-ms="42" started-at="2015-07-15T05:34:20Z" finished-at="2015-07-15T05:34:20Z">
      <class name="com.application.tests.DeleteBillingTest">
        <test-method status="FAIL" signature="launch()[pri:0, instance:com.application.tests.DeleteBillingTest@1417077]" name="launch" is-config="true" duration-ms="0" started-at="2015-07-15T11:04:20Z" finished-at="2015-07-15T11:04:20Z">
          <exception class="java.lang.NoSuchMethodError">
            <message>
              <![CDATA[org.apache.poi.util.IOUtils.peekFirst8Bytes(Ljava/io/InputStream;)[B]]>
            </message>
            <full-stacktrace>
              <![CDATA[java.lang.NoSuchMethodError: org.apache.poi.util.IOUtils.peekFirst8Bytes(Ljava/io/InputStream;)[B
	at org.apache.poi.ss.usermodel.WorkbookFactory.create(WorkbookFactory.java:167)
	at org.apache.poi.ss.usermodel.WorkbookFactory.create(WorkbookFactory.java:143)
	at com.application.libraries.ExcelLibrary.getExcelData(ExcelLibrary.java:21)
	at com.application.tests.BaseClass.launch(BaseClass.java:20)
	at sun.reflect.NativeMethodAccessorImpl.invoke0(Native Method)
	at sun.reflect.NativeMethodAccessorImpl.invoke(Unknown Source)
	at sun.reflect.DelegatingMethodAccessorImpl.invoke(Unknown Source)
	at java.lang.reflect.Method.invoke(Unknown Source)
	at org.testng.internal.MethodInvocationHelper.invokeMethod(MethodInvocationHelper.java:84)
	at org.testng.internal.Invoker.invokeConfigurationMethod(Invoker.java:564)
	at org.testng.internal.Invoker.invokeConfigurations(Invoker.java:213)
	at org.testng.internal.Invoker.invokeConfigurations(Invoker.java:138)
	at org.testng.internal.TestMethodWorker.invokeBeforeClassMethods(TestMethodWorker.java:175)
	at org.testng.internal.TestMethodWorker.run(TestMethodWorker.java:107)
	at java.util.concurrent.ThreadPoolExecutor.runWorker(Unknown Source)
	at java.util.concurrent.ThreadPoolExecutor$Worker.run(Unknown Source)
	at java.lang.Thread.run(Unknown Source)
]]>
            </full-stacktrace>
          </exception> <!-- java.lang.NoSuchMethodError -->
          <reporter-output>
          </reporter-output>
        </test-method> <!-- launch -->
        <test-method status="SKIP" signature="testDeleteBilling()[pri:0, instance:com.application.tests.DeleteBillingTest@1417077]" name="testDeleteBilling" duration-ms="0" started-at="2015-07-15T11:04:20Z" finished-at="2015-07-15T11:04:20Z">
          <reporter-output>
          </reporter-output>
        </test-method> <!-- testDeleteBilling -->
        <test-method status="SKIP" signature="quit()[pri:0, instance:com.application.tests.DeleteBillingTest@1417077]" name="quit" is-config="true" duration-ms="0" started-at="2015-07-15T11:04:20Z" finished-at="2015-07-15T11:04:20Z">
          <reporter-output>
          </reporter-output>
        </test-method> <!-- quit -->
      </class> <!-- com.application.tests.DeleteBillingTest -->
      <class name="com.application.tests.CreateBillingTest">
        <test-method status="FAIL" signature="launch()[pri:0, instance:com.application.tests.CreateBillingTest@1c36524]" name="launch" is-config="true" duration-ms="0" started-at="2015-07-15T11:04:20Z" finished-at="2015-07-15T11:04:20Z">
          <exception class="java.lang.NoSuchMethodError">
            <message>
              <![CDATA[org.apache.poi.util.IOUtils.peekFirst8Bytes(Ljava/io/InputStream;)[B]]>
            </message>
            <full-stacktrace>
              <![CDATA[java.lang.NoSuchMethodError: org.apache.poi.util.IOUtils.peekFirst8Bytes(Ljava/io/InputStream;)[B
	at org.apache.poi.ss.usermodel.WorkbookFactory.create(WorkbookFactory.java:167)
	at org.apache.poi.ss.usermodel.WorkbookFactory.create(WorkbookFactory.java:143)
	at com.application.libraries.ExcelLibrary.getExcelData(ExcelLibrary.java:21)
	at com.application.tests.BaseClass.launch(BaseClass.java:20)
	at sun.reflect.NativeMethodAccessorImpl.invoke0(Native Method)
	at sun.reflect.NativeMethodAccessorImpl.invoke(Unknown Source)
	at sun.reflect.DelegatingMethodAccessorImpl.invoke(Unknown Source)
	at java.lang.reflect.Method.invoke(Unknown Source)
	at org.testng.internal.MethodInvocationHelper.invokeMethod(MethodInvocationHelper.java:84)
	at org.testng.internal.Invoker.invokeConfigurationMethod(Invoker.java:564)
	at org.testng.internal.Invoker.invokeConfigurations(Invoker.java:213)
	at org.testng.internal.Invoker.invokeConfigurations(Invoker.java:138)
	at org.testng.internal.TestMethodWorker.invokeBeforeClassMethods(TestMethodWorker.java:175)
	at org.testng.internal.TestMethodWorker.run(TestMethodWorker.java:107)
	at java.util.concurrent.ThreadPoolExecutor.runWorker(Unknown Source)
	at java.util.concurrent.ThreadPoolExecutor$Worker.run(Unknown Source)
	at java.lang.Thread.run(Unknown Source)
]]>
            </full-stacktrace>
          </exception> <!-- java.lang.NoSuchMethodError -->
          <reporter-output>
          </reporter-output>
        </test-method> <!-- launch -->
        <test-method status="SKIP" signature="testCreateBilling()[pri:0, instance:com.application.tests.CreateBillingTest@1c36524]" name="testCreateBilling" duration-ms="1" started-at="2015-07-15T11:04:20Z" finished-at="2015-07-15T11:04:20Z">
          <reporter-output>
          </reporter-output>
        </test-method> <!-- testCreateBilling -->
        <test-method status="SKIP" signature="quit()[pri:0, instance:com.application.tests.CreateBillingTest@1c36524]" name="quit" is-config="true" duration-ms="0" started-at="2015-07-15T11:04:20Z" finished-at="2015-07-15T11:04:20Z">
          <reporter-output>
          </reporter-output>
        </test-method> <!-- quit -->
      </class> <!-- com.application.tests.CreateBillingTest -->
      <class name="com.application.tests.LoginLogout">
        <test-method status="FAIL" signature="launch()[pri:0, instance:com.application.tests.LoginLogout@1c7db30]" name="launch" is-config="true" duration-ms="0" started-at="2015-07-15T11:04:20Z" finished-at="2015-07-15T11:04:20Z">
          <exception class="java.lang.NoSuchMethodError">
            <message>
              <![CDATA[org.apache.poi.util.IOUtils.peekFirst8Bytes(Ljava/io/InputStream;)[B]]>
            </message>
            <full-stacktrace>
              <![CDATA[java.lang.NoSuchMethodError: org.apache.poi.util.IOUtils.peekFirst8Bytes(Ljava/io/InputStream;)[B
	at org.apache.poi.ss.usermodel.WorkbookFactory.create(WorkbookFactory.java:167)
	at org.apache.poi.ss.usermodel.WorkbookFactory.create(WorkbookFactory.java:143)
	at com.application.libraries.ExcelLibrary.getExcelData(ExcelLibrary.java:21)
	at com.application.tests.BaseClass.launch(BaseClass.java:20)
	at sun.reflect.NativeMethodAccessorImpl.invoke0(Native Method)
	at sun.reflect.NativeMethodAccessorImpl.invoke(Unknown Source)
	at sun.reflect.DelegatingMethodAccessorImpl.invoke(Unknown Source)
	at java.lang.reflect.Method.invoke(Unknown Source)
	at org.testng.internal.MethodInvocationHelper.invokeMethod(MethodInvocationHelper.java:84)
	at org.testng.internal.Invoker.invokeConfigurationMethod(Invoker.java:564)
	at org.testng.internal.Invoker.invokeConfigurations(Invoker.java:213)
	at org.testng.internal.Invoker.invokeConfigurations(Invoker.java:138)
	at org.testng.internal.TestMethodWorker.invokeBeforeClassMethods(TestMethodWorker.java:175)
	at org.testng.internal.TestMethodWorker.run(TestMethodWorker.java:107)
	at java.util.concurrent.ThreadPoolExecutor.runWorker(Unknown Source)
	at java.util.concurrent.ThreadPoolExecutor$Worker.run(Unknown Source)
	at java.lang.Thread.run(Unknown Source)
]]>
            </full-stacktrace>
          </exception> <!-- java.lang.NoSuchMethodError -->
          <reporter-output>
          </reporter-output>
        </test-method> <!-- launch -->
        <test-method status="SKIP" signature="testLoginLogout()[pri:0, instance:com.application.tests.LoginLogout@1c7db30]" name="testLoginLogout" duration-ms="3" started-at="2015-07-15T11:04:20Z" finished-at="2015-07-15T11:04:20Z">
          <reporter-output>
          </reporter-output>
        </test-method> <!-- testLoginLogout -->
        <test-method status="SKIP" signature="quit()[pri:0, instance:com.application.tests.LoginLogout@1c7db30]" name="quit" is-config="true" duration-ms="0" started-at="2015-07-15T11:04:20Z" finished-at="2015-07-15T11:04:20Z">
          <reporter-output>
          </reporter-output>
        </test-method> <!-- quit -->
      </class> <!-- com.application.tests.LoginLogout -->
    </test> <!-- Default test -->
  </suite> <!-- Default suite -->
</testng-results>
