<?xml version="1.0" encoding="UTF-8" ?>
<testsuite errors="1" failures="0" hostname="DS-386077741F2D" name="SampleTest.SampleTest" skipped="0" tests="1" time="0.0" timestamp="2015-07-07T13:13:03">
  <properties>
[...]
</properties>
  <error message="SampleTest.SampleTest" type="java.lang.ClassNotFoundException">java.lang.ClassNotFoundException: SampleTest.SampleTest
	at java.net.URLClassLoader.findClass(Unknown Source)
	at java.lang.ClassLoader.loadClass(Unknown Source)
	at sun.misc.Launcher$AppClassLoader.loadClass(Unknown Source)
	at java.lang.ClassLoader.loadClass(Unknown Source)
	at java.lang.Class.forName0(Native Method)
	at java.lang.Class.forName(Unknown Source)
</error>
  <system-out><![CDATA[]]></system-out>
  <system-err><![CDATA[]]></system-err>
</testsuite>
