<?xml version="1.0" encoding="UTF-8"?>
<!-- Generated by org.testng.reporters.JUnitXMLReporter -->
<testsuite hostname="DS-386077741F2D" name="Default test" tests="3" failures="0" timestamp="21 Jul 2015 07:04:13 GMT" time="0.039" errors="0">
  <testcase name="createUser" time="0.006" classname="com.qspiders.Users"/>
  <testcase name="editUser" time="0.002" classname="com.qspiders.Users"/>
  <testcase name="deleteUser" time="0.002" classname="com.qspiders.Users"/>
</testsuite> <!-- Default test -->
